        -:    0:Source:C:/Users/Oana/Documents/GitHub/oop-work/a5-6-917-Topan-Oana-Maria/tests/Tests.cpp
        -:    0:Graph:C:\Users\Oana\Documents\GitHub\oop-work\a5-6-917-Topan-Oana-Maria\cmake-build-debug-coverage\CMakeFiles\a5_6_917_Topan_Oana_Maria.dir\tests\Tests.cpp.gcno
        -:    0:Data:C:\Users\Oana\Documents\GitHub\oop-work\a5-6-917-Topan-Oana-Maria\cmake-build-debug-coverage\CMakeFiles\a5_6_917_Topan_Oana_Maria.dir\tests\Tests.cpp.gcda
        -:    0:Runs:1
        -:    1://
        -:    2:// Created by Oana on 3/20/2022.
        -:    3://
        -:    4:
        -:    5:#include "Tests.h"
        -:    6:#include <cassert>
        -:    7:#include <iostream>
        -:    8:
function _ZN11Test_Recipe22test_constructor_emptyEv called 1 returned 100% blocks executed 53%
        1:    9:void Test_Recipe::test_constructor_empty() {
        1:   10:    Recipe r;
        1:   10-block  0
call    0 returned 1
branch  1 taken 1 (fallthrough)
branch  2 taken 0 (throw)
       1*:   11:    assert(r.get_title() == "");
        1:   11-block  0
call    0 returned 1
branch  1 taken 1 (fallthrough)
branch  2 taken 0 (throw)
        1:   11-block  1
call    3 returned 1
branch  4 taken 0 (fallthrough)
branch  5 taken 1
    %%%%%:   11-block  2
call    6 never executed
branch  7 never executed
branch  8 never executed
        1:   11-block  3
    %%%%%:   11-block  4
        1:   11-block  5
branch  9 taken 1 (fallthrough)
branch 10 taken 0
        1:   11-block  6
call   11 returned 1
    $$$$$:   11-block  7
branch 12 never executed
branch 13 never executed
    $$$$$:   11-block  8
call   14 never executed
    $$$$$:   11-block  9
       1*:   12:    assert(r.get_chef() == "");
        1:   12-block  0
call    0 returned 1
branch  1 taken 1 (fallthrough)
branch  2 taken 0 (throw)
        1:   12-block  1
call    3 returned 1
branch  4 taken 0 (fallthrough)
branch  5 taken 1
    %%%%%:   12-block  2
call    6 never executed
branch  7 never executed
branch  8 never executed
        1:   12-block  3
    %%%%%:   12-block  4
        1:   12-block  5
branch  9 taken 1 (fallthrough)
branch 10 taken 0
        1:   12-block  6
call   11 returned 1
    $$$$$:   12-block  7
branch 12 never executed
branch 13 never executed
    $$$$$:   12-block  8
call   14 never executed
    $$$$$:   12-block  9
       1*:   13:    assert(r.get_link() == "");
        1:   13-block  0
call    0 returned 1
branch  1 taken 1 (fallthrough)
branch  2 taken 0 (throw)
        1:   13-block  1
call    3 returned 1
branch  4 taken 0 (fallthrough)
branch  5 taken 1
    %%%%%:   13-block  2
call    6 never executed
branch  7 never executed
branch  8 never executed
        1:   13-block  3
    %%%%%:   13-block  4
        1:   13-block  5
branch  9 taken 1 (fallthrough)
branch 10 taken 0
        1:   13-block  6
call   11 returned 1
    $$$$$:   13-block  7
branch 12 never executed
branch 13 never executed
    $$$$$:   13-block  8
call   14 never executed
    $$$$$:   13-block  9
       1*:   14:    assert(r.get_number_of_likes()==0);
        1:   14-block  0
call    0 returned 1
branch  1 taken 1 (fallthrough)
branch  2 taken 0 (throw)
        1:   14-block  1
branch  3 taken 0 (fallthrough)
branch  4 taken 1
    %%%%%:   14-block  2
call    5 never executed
branch  6 never executed
branch  7 never executed
        1:   14-block  3
    %%%%%:   14-block  4
        1:   15:}
        1:   15-block  0
call    0 returned 1
    $$$$$:   15-block  1
call    1 never executed
        -:   16:
function _ZN11Test_Recipe21test_constructor_fullEv called 1 returned 100% blocks executed 49%
        1:   17:void Test_Recipe::test_constructor_full() {
        2:   18:    Recipe r = Recipe("A", "B", "C", 15, Duration(10, 0));
        1:   18-block  0
call    0 returned 1
branch  1 taken 1 (fallthrough)
branch  2 taken 0 (throw)
        1:   18-block  1
call    3 returned 1
call    4 returned 1
branch  5 taken 1 (fallthrough)
branch  6 taken 0 (throw)
        1:   18-block  2
call    7 returned 1
call    8 returned 1
branch  9 taken 1 (fallthrough)
branch 10 taken 0 (throw)
        1:   18-block  3
call   11 returned 1
call   12 returned 1
branch 13 taken 1 (fallthrough)
branch 14 taken 0 (throw)
        1:   18-block  4
call   15 returned 1
branch 16 taken 1 (fallthrough)
branch 17 taken 0 (throw)
call   18 returned 1
call   19 returned 1
call   20 returned 1
call   21 returned 1
call   22 returned 1
    $$$$$:   18-block  5
    $$$$$:   18-block  6
    $$$$$:   18-block  7
    $$$$$:   18-block  8
    $$$$$:   18-block  9
    $$$$$:   18-block 10
    $$$$$:   18-block 11
       1*:   19:    assert(r.get_title() == "A");
call    0 returned 1
branch  1 taken 1 (fallthrough)
branch  2 taken 0 (throw)
        1:   19-block  0
call    3 returned 1
branch  4 taken 0 (fallthrough)
branch  5 taken 1
    %%%%%:   19-block  1
call    6 never executed
branch  7 never executed
branch  8 never executed
        1:   19-block  2
    %%%%%:   19-block  3
        1:   19-block  4
branch  9 taken 1 (fallthrough)
branch 10 taken 0
        1:   19-block  5
call   11 returned 1
    $$$$$:   19-block  6
branch 12 never executed
branch 13 never executed
    $$$$$:   19-block  7
call   14 never executed
    $$$$$:   19-block  8
       1*:   20:    assert(r.get_chef() == "B");
        1:   20-block  0
call    0 returned 1
branch  1 taken 1 (fallthrough)
branch  2 taken 0 (throw)
        1:   20-block  1
call    3 returned 1
branch  4 taken 0 (fallthrough)
branch  5 taken 1
    %%%%%:   20-block  2
call    6 never executed
branch  7 never executed
branch  8 never executed
        1:   20-block  3
    %%%%%:   20-block  4
        1:   20-block  5
branch  9 taken 1 (fallthrough)
branch 10 taken 0
        1:   20-block  6
call   11 returned 1
    $$$$$:   20-block  7
branch 12 never executed
branch 13 never executed
    $$$$$:   20-block  8
call   14 never executed
    $$$$$:   20-block  9
       1*:   21:    assert(r.get_link() == "C");
        1:   21-block  0
call    0 returned 1
branch  1 taken 1 (fallthrough)
branch  2 taken 0 (throw)
        1:   21-block  1
call    3 returned 1
branch  4 taken 0 (fallthrough)
branch  5 taken 1
    %%%%%:   21-block  2
call    6 never executed
branch  7 never executed
branch  8 never executed
        1:   21-block  3
    %%%%%:   21-block  4
        1:   21-block  5
branch  9 taken 1 (fallthrough)
branch 10 taken 0
        1:   21-block  6
call   11 returned 1
    $$$$$:   21-block  7
branch 12 never executed
branch 13 never executed
    $$$$$:   21-block  8
call   14 never executed
    $$$$$:   21-block  9
       1*:   22:    assert(r.get_number_of_likes()==15);
        1:   22-block  0
call    0 returned 1
branch  1 taken 1 (fallthrough)
branch  2 taken 0 (throw)
        1:   22-block  1
branch  3 taken 0 (fallthrough)
branch  4 taken 1
    %%%%%:   22-block  2
call    5 never executed
branch  6 never executed
branch  7 never executed
        1:   22-block  3
    %%%%%:   22-block  4
       1*:   23:    assert(r.get_duration().get_minutes()==10);
        1:   23-block  0
call    0 returned 1
branch  1 taken 1 (fallthrough)
branch  2 taken 0 (throw)
        1:   23-block  1
call    3 returned 1
branch  4 taken 1 (fallthrough)
branch  5 taken 0 (throw)
        1:   23-block  2
branch  6 taken 0 (fallthrough)
branch  7 taken 1
    %%%%%:   23-block  3
call    8 never executed
branch  9 never executed
branch 10 never executed
        1:   23-block  4
    %%%%%:   23-block  5
    $$$$$:   23-block  6
       1*:   24:    assert(r.get_duration().get_seconds()==0);
        1:   24-block  0
call    0 returned 1
branch  1 taken 1 (fallthrough)
branch  2 taken 0 (throw)
        1:   24-block  1
call    3 returned 1
branch  4 taken 1 (fallthrough)
branch  5 taken 0 (throw)
        1:   24-block  2
branch  6 taken 0 (fallthrough)
branch  7 taken 1
    %%%%%:   24-block  3
call    8 never executed
branch  9 never executed
branch 10 never executed
        1:   24-block  4
    %%%%%:   24-block  5
    $$$$$:   24-block  6
        1:   25:}
        1:   25-block  0
call    0 returned 1
    $$$$$:   25-block  1
call    1 never executed
        -:   26:
function _ZN11Test_Recipe21test_copy_constructorEv called 1 returned 100% blocks executed 49%
        1:   27:void Test_Recipe::test_copy_constructor() {
        2:   28:    Recipe a = Recipe("A", "B", "C", 15, Duration(10, 0));
        1:   28-block  0
call    0 returned 1
branch  1 taken 1 (fallthrough)
branch  2 taken 0 (throw)
        1:   28-block  1
call    3 returned 1
call    4 returned 1
branch  5 taken 1 (fallthrough)
branch  6 taken 0 (throw)
        1:   28-block  2
call    7 returned 1
call    8 returned 1
branch  9 taken 1 (fallthrough)
branch 10 taken 0 (throw)
        1:   28-block  3
call   11 returned 1
call   12 returned 1
branch 13 taken 1 (fallthrough)
branch 14 taken 0 (throw)
        1:   28-block  4
call   15 returned 1
branch 16 taken 1 (fallthrough)
branch 17 taken 0 (throw)
call   18 returned 1
call   19 returned 1
call   20 returned 1
call   21 returned 1
call   22 returned 1
    $$$$$:   28-block  5
    $$$$$:   28-block  6
    $$$$$:   28-block  7
    $$$$$:   28-block  8
    $$$$$:   28-block  9
    $$$$$:   28-block 10
    $$$$$:   28-block 11
        1:   29:    Recipe r = a;
call    0 returned 1
branch  1 taken 1 (fallthrough)
branch  2 taken 0 (throw)
       1*:   30:    assert(r.get_title() == "A");
        1:   30-block  0
call    0 returned 1
branch  1 taken 1 (fallthrough)
branch  2 taken 0 (throw)
        1:   30-block  1
call    3 returned 1
branch  4 taken 0 (fallthrough)
branch  5 taken 1
    %%%%%:   30-block  2
call    6 never executed
branch  7 never executed
branch  8 never executed
        1:   30-block  3
    %%%%%:   30-block  4
        1:   30-block  5
branch  9 taken 1 (fallthrough)
branch 10 taken 0
        1:   30-block  6
call   11 returned 1
    $$$$$:   30-block  7
branch 12 never executed
branch 13 never executed
    $$$$$:   30-block  8
call   14 never executed
    $$$$$:   30-block  9
       1*:   31:    assert(r.get_chef() == "B");
        1:   31-block  0
call    0 returned 1
branch  1 taken 1 (fallthrough)
branch  2 taken 0 (throw)
        1:   31-block  1
call    3 returned 1
branch  4 taken 0 (fallthrough)
branch  5 taken 1
    %%%%%:   31-block  2
call    6 never executed
branch  7 never executed
branch  8 never executed
        1:   31-block  3
    %%%%%:   31-block  4
        1:   31-block  5
branch  9 taken 1 (fallthrough)
branch 10 taken 0
        1:   31-block  6
call   11 returned 1
    $$$$$:   31-block  7
branch 12 never executed
branch 13 never executed
    $$$$$:   31-block  8
call   14 never executed
    $$$$$:   31-block  9
       1*:   32:    assert(r.get_link() == "C");
        1:   32-block  0
call    0 returned 1
branch  1 taken 1 (fallthrough)
branch  2 taken 0 (throw)
        1:   32-block  1
call    3 returned 1
branch  4 taken 0 (fallthrough)
branch  5 taken 1
    %%%%%:   32-block  2
call    6 never executed
branch  7 never executed
branch  8 never executed
        1:   32-block  3
    %%%%%:   32-block  4
        1:   32-block  5
branch  9 taken 1 (fallthrough)
branch 10 taken 0
        1:   32-block  6
call   11 returned 1
    $$$$$:   32-block  7
branch 12 never executed
branch 13 never executed
    $$$$$:   32-block  8
call   14 never executed
    $$$$$:   32-block  9
       1*:   33:    assert(r.get_number_of_likes()==15);
        1:   33-block  0
call    0 returned 1
branch  1 taken 1 (fallthrough)
branch  2 taken 0 (throw)
        1:   33-block  1
branch  3 taken 0 (fallthrough)
branch  4 taken 1
    %%%%%:   33-block  2
call    5 never executed
branch  6 never executed
branch  7 never executed
        1:   33-block  3
    %%%%%:   33-block  4
       1*:   34:    assert(r.get_duration().get_minutes()==10);
        1:   34-block  0
call    0 returned 1
branch  1 taken 1 (fallthrough)
branch  2 taken 0 (throw)
        1:   34-block  1
call    3 returned 1
branch  4 taken 1 (fallthrough)
branch  5 taken 0 (throw)
        1:   34-block  2
branch  6 taken 0 (fallthrough)
branch  7 taken 1
    %%%%%:   34-block  3
call    8 never executed
branch  9 never executed
branch 10 never executed
        1:   34-block  4
    %%%%%:   34-block  5
    $$$$$:   34-block  6
       1*:   35:    assert(r.get_duration().get_seconds()==0);
        1:   35-block  0
call    0 returned 1
branch  1 taken 1 (fallthrough)
branch  2 taken 0 (throw)
        1:   35-block  1
call    3 returned 1
branch  4 taken 1 (fallthrough)
branch  5 taken 0 (throw)
        1:   35-block  2
branch  6 taken 0 (fallthrough)
branch  7 taken 1
    %%%%%:   35-block  3
call    8 never executed
branch  9 never executed
branch 10 never executed
        1:   35-block  4
    %%%%%:   35-block  5
    $$$$$:   35-block  6
        1:   36:}
        1:   36-block  0
call    0 returned 1
call    1 returned 1
    $$$$$:   36-block  1
call    2 never executed
    $$$$$:   36-block  2
call    3 never executed
        -:   37:
function _ZN11Test_Recipe24test_partial_constructorEv called 1 returned 100% blocks executed 48%
        1:   38:void Test_Recipe::test_partial_constructor() {
        2:   39:    Recipe r = Recipe("A", "B", "C");
        1:   39-block  0
call    0 returned 1
call    1 returned 1
branch  2 taken 1 (fallthrough)
branch  3 taken 0 (throw)
        1:   39-block  1
call    4 returned 1
call    5 returned 1
branch  6 taken 1 (fallthrough)
branch  7 taken 0 (throw)
        1:   39-block  2
call    8 returned 1
call    9 returned 1
branch 10 taken 1 (fallthrough)
branch 11 taken 0 (throw)
        1:   39-block  3
call   12 returned 1
branch 13 taken 1 (fallthrough)
branch 14 taken 0 (throw)
call   15 returned 1
call   16 returned 1
call   17 returned 1
call   18 returned 1
call   19 returned 1
    $$$$$:   39-block  4
    $$$$$:   39-block  5
    $$$$$:   39-block  6
    $$$$$:   39-block  7
    $$$$$:   39-block  8
    $$$$$:   39-block  9
       1*:   40:    assert(r.get_title() == "A");
call    0 returned 1
branch  1 taken 1 (fallthrough)
branch  2 taken 0 (throw)
        1:   40-block  0
call    3 returned 1
branch  4 taken 0 (fallthrough)
branch  5 taken 1
    %%%%%:   40-block  1
call    6 never executed
branch  7 never executed
branch  8 never executed
        1:   40-block  2
    %%%%%:   40-block  3
        1:   40-block  4
branch  9 taken 1 (fallthrough)
branch 10 taken 0
        1:   40-block  5
call   11 returned 1
    $$$$$:   40-block  6
branch 12 never executed
branch 13 never executed
    $$$$$:   40-block  7
call   14 never executed
    $$$$$:   40-block  8
       1*:   41:    assert(r.get_chef() == "B");
        1:   41-block  0
call    0 returned 1
branch  1 taken 1 (fallthrough)
branch  2 taken 0 (throw)
        1:   41-block  1
call    3 returned 1
branch  4 taken 0 (fallthrough)
branch  5 taken 1
    %%%%%:   41-block  2
call    6 never executed
branch  7 never executed
branch  8 never executed
        1:   41-block  3
    %%%%%:   41-block  4
        1:   41-block  5
branch  9 taken 1 (fallthrough)
branch 10 taken 0
        1:   41-block  6
call   11 returned 1
    $$$$$:   41-block  7
branch 12 never executed
branch 13 never executed
    $$$$$:   41-block  8
call   14 never executed
    $$$$$:   41-block  9
       1*:   42:    assert(r.get_link() == "C");
        1:   42-block  0
call    0 returned 1
branch  1 taken 1 (fallthrough)
branch  2 taken 0 (throw)
        1:   42-block  1
call    3 returned 1
branch  4 taken 0 (fallthrough)
branch  5 taken 1
    %%%%%:   42-block  2
call    6 never executed
branch  7 never executed
branch  8 never executed
        1:   42-block  3
    %%%%%:   42-block  4
        1:   42-block  5
branch  9 taken 1 (fallthrough)
branch 10 taken 0
        1:   42-block  6
call   11 returned 1
    $$$$$:   42-block  7
branch 12 never executed
branch 13 never executed
    $$$$$:   42-block  8
call   14 never executed
    $$$$$:   42-block  9
       1*:   43:    assert(r.get_number_of_likes()==0);
        1:   43-block  0
call    0 returned 1
branch  1 taken 1 (fallthrough)
branch  2 taken 0 (throw)
        1:   43-block  1
branch  3 taken 0 (fallthrough)
branch  4 taken 1
    %%%%%:   43-block  2
call    5 never executed
branch  6 never executed
branch  7 never executed
        1:   43-block  3
    %%%%%:   43-block  4
        1:   44:}
        1:   44-block  0
call    0 returned 1
    $$$$$:   44-block  1
call    1 never executed
        -:   45:
function _ZN11Test_Recipe14test_set_titleEv called 1 returned 100% blocks executed 46%
        1:   46:void Test_Recipe::test_set_title() {
        2:   47:    Recipe r = Recipe("A", "B", "C");
        1:   47-block  0
call    0 returned 1
call    1 returned 1
branch  2 taken 1 (fallthrough)
branch  3 taken 0 (throw)
        1:   47-block  1
call    4 returned 1
call    5 returned 1
branch  6 taken 1 (fallthrough)
branch  7 taken 0 (throw)
        1:   47-block  2
call    8 returned 1
call    9 returned 1
branch 10 taken 1 (fallthrough)
branch 11 taken 0 (throw)
        1:   47-block  3
call   12 returned 1
branch 13 taken 1 (fallthrough)
branch 14 taken 0 (throw)
call   15 returned 1
call   16 returned 1
call   17 returned 1
call   18 returned 1
call   19 returned 1
    $$$$$:   47-block  4
    $$$$$:   47-block  5
    $$$$$:   47-block  6
    $$$$$:   47-block  7
    $$$$$:   47-block  8
    $$$$$:   47-block  9
       1*:   48:    assert(r.get_title() == "A");
call    0 returned 1
branch  1 taken 1 (fallthrough)
branch  2 taken 0 (throw)
        1:   48-block  0
call    3 returned 1
branch  4 taken 0 (fallthrough)
branch  5 taken 1
    %%%%%:   48-block  1
call    6 never executed
branch  7 never executed
branch  8 never executed
        1:   48-block  2
    %%%%%:   48-block  3
        1:   48-block  4
branch  9 taken 1 (fallthrough)
branch 10 taken 0
        1:   48-block  5
call   11 returned 1
    $$$$$:   48-block  6
branch 12 never executed
branch 13 never executed
    $$$$$:   48-block  7
call   14 never executed
    $$$$$:   48-block  8
        1:   49:    r.set_title("B");
        1:   49-block  0
call    0 returned 1
call    1 returned 1
branch  2 taken 1 (fallthrough)
branch  3 taken 0 (throw)
        1:   49-block  1
call    4 returned 1
branch  5 taken 1 (fallthrough)
branch  6 taken 0 (throw)
        1:   49-block  2
call    7 returned 1
call    8 returned 1
    $$$$$:   49-block  3
call    9 never executed
    $$$$$:   49-block  4
    $$$$$:   49-block  5
call   10 never executed
    $$$$$:   49-block  6
       1*:   50:    assert(r.get_title()=="B");
call    0 returned 1
branch  1 taken 1 (fallthrough)
branch  2 taken 0 (throw)
        1:   50-block  0
call    3 returned 1
branch  4 taken 0 (fallthrough)
branch  5 taken 1
    %%%%%:   50-block  1
call    6 never executed
branch  7 never executed
branch  8 never executed
        1:   50-block  2
    %%%%%:   50-block  3
        1:   50-block  4
branch  9 taken 1 (fallthrough)
branch 10 taken 0
        1:   50-block  5
call   11 returned 1
    $$$$$:   50-block  6
branch 12 never executed
branch 13 never executed
    $$$$$:   50-block  7
call   14 never executed
    $$$$$:   50-block  8
        1:   51:}
        1:   51-block  0
call    0 returned 1
    $$$$$:   51-block  1
call    1 never executed
        -:   52:
function _ZN11Test_Recipe13test_set_chefEv called 1 returned 100% blocks executed 46%
        1:   53:void Test_Recipe::test_set_chef() {
        2:   54:    Recipe r = Recipe("A", "B", "C");
        1:   54-block  0
call    0 returned 1
call    1 returned 1
branch  2 taken 1 (fallthrough)
branch  3 taken 0 (throw)
        1:   54-block  1
call    4 returned 1
call    5 returned 1
branch  6 taken 1 (fallthrough)
branch  7 taken 0 (throw)
        1:   54-block  2
call    8 returned 1
call    9 returned 1
branch 10 taken 1 (fallthrough)
branch 11 taken 0 (throw)
        1:   54-block  3
call   12 returned 1
branch 13 taken 1 (fallthrough)
branch 14 taken 0 (throw)
call   15 returned 1
call   16 returned 1
call   17 returned 1
call   18 returned 1
call   19 returned 1
    $$$$$:   54-block  4
    $$$$$:   54-block  5
    $$$$$:   54-block  6
    $$$$$:   54-block  7
    $$$$$:   54-block  8
    $$$$$:   54-block  9
       1*:   55:    assert(r.get_chef() == "B");
call    0 returned 1
branch  1 taken 1 (fallthrough)
branch  2 taken 0 (throw)
        1:   55-block  0
call    3 returned 1
branch  4 taken 0 (fallthrough)
branch  5 taken 1
    %%%%%:   55-block  1
call    6 never executed
branch  7 never executed
branch  8 never executed
        1:   55-block  2
    %%%%%:   55-block  3
        1:   55-block  4
branch  9 taken 1 (fallthrough)
branch 10 taken 0
        1:   55-block  5
call   11 returned 1
    $$$$$:   55-block  6
branch 12 never executed
branch 13 never executed
    $$$$$:   55-block  7
call   14 never executed
    $$$$$:   55-block  8
        1:   56:    r.set_chef("A");
        1:   56-block  0
call    0 returned 1
call    1 returned 1
branch  2 taken 1 (fallthrough)
branch  3 taken 0 (throw)
        1:   56-block  1
call    4 returned 1
branch  5 taken 1 (fallthrough)
branch  6 taken 0 (throw)
        1:   56-block  2
call    7 returned 1
call    8 returned 1
    $$$$$:   56-block  3
call    9 never executed
    $$$$$:   56-block  4
    $$$$$:   56-block  5
call   10 never executed
    $$$$$:   56-block  6
       1*:   57:    assert(r.get_title()=="A");
call    0 returned 1
branch  1 taken 1 (fallthrough)
branch  2 taken 0 (throw)
        1:   57-block  0
call    3 returned 1
branch  4 taken 0 (fallthrough)
branch  5 taken 1
    %%%%%:   57-block  1
call    6 never executed
branch  7 never executed
branch  8 never executed
        1:   57-block  2
    %%%%%:   57-block  3
        1:   57-block  4
branch  9 taken 1 (fallthrough)
branch 10 taken 0
        1:   57-block  5
call   11 returned 1
    $$$$$:   57-block  6
branch 12 never executed
branch 13 never executed
    $$$$$:   57-block  7
call   14 never executed
    $$$$$:   57-block  8
        1:   58:}
        1:   58-block  0
call    0 returned 1
    $$$$$:   58-block  1
call    1 never executed
        -:   59:
function _ZN11Test_Recipe13test_set_linkEv called 1 returned 100% blocks executed 46%
        1:   60:void Test_Recipe::test_set_link() {
        2:   61:    Recipe r = Recipe("A", "B", "C");
        1:   61-block  0
call    0 returned 1
call    1 returned 1
branch  2 taken 1 (fallthrough)
branch  3 taken 0 (throw)
        1:   61-block  1
call    4 returned 1
call    5 returned 1
branch  6 taken 1 (fallthrough)
branch  7 taken 0 (throw)
        1:   61-block  2
call    8 returned 1
call    9 returned 1
branch 10 taken 1 (fallthrough)
branch 11 taken 0 (throw)
        1:   61-block  3
call   12 returned 1
branch 13 taken 1 (fallthrough)
branch 14 taken 0 (throw)
call   15 returned 1
call   16 returned 1
call   17 returned 1
call   18 returned 1
call   19 returned 1
    $$$$$:   61-block  4
    $$$$$:   61-block  5
    $$$$$:   61-block  6
    $$$$$:   61-block  7
    $$$$$:   61-block  8
    $$$$$:   61-block  9
       1*:   62:    assert(r.get_link() == "C");
call    0 returned 1
branch  1 taken 1 (fallthrough)
branch  2 taken 0 (throw)
        1:   62-block  0
call    3 returned 1
branch  4 taken 0 (fallthrough)
branch  5 taken 1
    %%%%%:   62-block  1
call    6 never executed
branch  7 never executed
branch  8 never executed
        1:   62-block  2
    %%%%%:   62-block  3
        1:   62-block  4
branch  9 taken 1 (fallthrough)
branch 10 taken 0
        1:   62-block  5
call   11 returned 1
    $$$$$:   62-block  6
branch 12 never executed
branch 13 never executed
    $$$$$:   62-block  7
call   14 never executed
    $$$$$:   62-block  8
        1:   63:    r.set_link("D");
        1:   63-block  0
call    0 returned 1
call    1 returned 1
branch  2 taken 1 (fallthrough)
branch  3 taken 0 (throw)
        1:   63-block  1
call    4 returned 1
branch  5 taken 1 (fallthrough)
branch  6 taken 0 (throw)
        1:   63-block  2
call    7 returned 1
call    8 returned 1
    $$$$$:   63-block  3
call    9 never executed
    $$$$$:   63-block  4
    $$$$$:   63-block  5
call   10 never executed
    $$$$$:   63-block  6
       1*:   64:    assert(r.get_link()=="D");
call    0 returned 1
branch  1 taken 1 (fallthrough)
branch  2 taken 0 (throw)
        1:   64-block  0
call    3 returned 1
branch  4 taken 0 (fallthrough)
branch  5 taken 1
    %%%%%:   64-block  1
call    6 never executed
branch  7 never executed
branch  8 never executed
        1:   64-block  2
    %%%%%:   64-block  3
        1:   64-block  4
branch  9 taken 1 (fallthrough)
branch 10 taken 0
        1:   64-block  5
call   11 returned 1
    $$$$$:   64-block  6
branch 12 never executed
branch 13 never executed
    $$$$$:   64-block  7
call   14 never executed
    $$$$$:   64-block  8
        1:   65:}
        1:   65-block  0
call    0 returned 1
    $$$$$:   65-block  1
call    1 never executed
        -:   66:
function _ZN11Test_Recipe17test_set_durationEv called 1 returned 100% blocks executed 54%
        1:   67:void Test_Recipe::test_set_duration() {
        2:   68:    Recipe r = Recipe("A", "B", "C", 15, Duration(10, 0));
        1:   68-block  0
call    0 returned 1
branch  1 taken 1 (fallthrough)
branch  2 taken 0 (throw)
        1:   68-block  1
call    3 returned 1
call    4 returned 1
branch  5 taken 1 (fallthrough)
branch  6 taken 0 (throw)
        1:   68-block  2
call    7 returned 1
call    8 returned 1
branch  9 taken 1 (fallthrough)
branch 10 taken 0 (throw)
        1:   68-block  3
call   11 returned 1
call   12 returned 1
branch 13 taken 1 (fallthrough)
branch 14 taken 0 (throw)
        1:   68-block  4
call   15 returned 1
branch 16 taken 1 (fallthrough)
branch 17 taken 0 (throw)
call   18 returned 1
call   19 returned 1
call   20 returned 1
call   21 returned 1
call   22 returned 1
    $$$$$:   68-block  5
    $$$$$:   68-block  6
    $$$$$:   68-block  7
    $$$$$:   68-block  8
    $$$$$:   68-block  9
    $$$$$:   68-block 10
    $$$$$:   68-block 11
       1*:   69:    assert(r.get_duration().get_minutes()==10);
call    0 returned 1
branch  1 taken 1 (fallthrough)
branch  2 taken 0 (throw)
        1:   69-block  0
call    3 returned 1
branch  4 taken 1 (fallthrough)
branch  5 taken 0 (throw)
        1:   69-block  1
branch  6 taken 0 (fallthrough)
branch  7 taken 1
    %%%%%:   69-block  2
call    8 never executed
branch  9 never executed
branch 10 never executed
        1:   69-block  3
    %%%%%:   69-block  4
    $$$$$:   69-block  5
       1*:   70:    assert(r.get_duration().get_seconds()==0);
        1:   70-block  0
call    0 returned 1
branch  1 taken 1 (fallthrough)
branch  2 taken 0 (throw)
        1:   70-block  1
call    3 returned 1
branch  4 taken 1 (fallthrough)
branch  5 taken 0 (throw)
        1:   70-block  2
branch  6 taken 0 (fallthrough)
branch  7 taken 1
    %%%%%:   70-block  3
call    8 never executed
branch  9 never executed
branch 10 never executed
        1:   70-block  4
    %%%%%:   70-block  5
    $$$$$:   70-block  6
        1:   71:    r.set_duration(Duration(5,8));
        1:   71-block  0
call    0 returned 1
branch  1 taken 1 (fallthrough)
branch  2 taken 0 (throw)
        1:   71-block  1
call    3 returned 1
branch  4 taken 1 (fallthrough)
branch  5 taken 0 (throw)
    $$$$$:   71-block  2
       1*:   72:    assert(r.get_duration().get_minutes()==5);
        1:   72-block  0
call    0 returned 1
branch  1 taken 1 (fallthrough)
branch  2 taken 0 (throw)
        1:   72-block  1
call    3 returned 1
branch  4 taken 1 (fallthrough)
branch  5 taken 0 (throw)
        1:   72-block  2
branch  6 taken 0 (fallthrough)
branch  7 taken 1
    %%%%%:   72-block  3
call    8 never executed
branch  9 never executed
branch 10 never executed
        1:   72-block  4
    %%%%%:   72-block  5
    $$$$$:   72-block  6
       1*:   73:    assert(r.get_duration().get_seconds()==8);
        1:   73-block  0
call    0 returned 1
branch  1 taken 1 (fallthrough)
branch  2 taken 0 (throw)
        1:   73-block  1
call    3 returned 1
branch  4 taken 1 (fallthrough)
branch  5 taken 0 (throw)
        1:   73-block  2
branch  6 taken 0 (fallthrough)
branch  7 taken 1
    %%%%%:   73-block  3
call    8 never executed
branch  9 never executed
branch 10 never executed
        1:   73-block  4
    %%%%%:   73-block  5
    $$$$$:   73-block  6
        1:   74:    Duration d = Duration(0,0);
        1:   74-block  0
call    0 returned 1
branch  1 taken 1 (fallthrough)
branch  2 taken 0 (throw)
       1*:   75:    assert(d.get_seconds()==0);
        1:   75-block  0
call    0 returned 1
branch  1 taken 1 (fallthrough)
branch  2 taken 0 (throw)
        1:   75-block  1
branch  3 taken 0 (fallthrough)
branch  4 taken 1
    %%%%%:   75-block  2
call    5 never executed
branch  6 never executed
branch  7 never executed
        1:   75-block  3
    %%%%%:   75-block  4
       1*:   76:    assert(d.get_minutes()==0);
        1:   76-block  0
call    0 returned 1
branch  1 taken 1 (fallthrough)
branch  2 taken 0 (throw)
        1:   76-block  1
branch  3 taken 0 (fallthrough)
branch  4 taken 1
    %%%%%:   76-block  2
call    5 never executed
branch  6 never executed
branch  7 never executed
        1:   76-block  3
    %%%%%:   76-block  4
        1:   77:    d.set_minutes(10);
        1:   77-block  0
call    0 returned 1
branch  1 taken 1 (fallthrough)
branch  2 taken 0 (throw)
        1:   78:    d.set_seconds(5);
        1:   78-block  0
call    0 returned 1
branch  1 taken 1 (fallthrough)
branch  2 taken 0 (throw)
       1*:   79:    assert(d.get_seconds()==5);
        1:   79-block  0
call    0 returned 1
branch  1 taken 1 (fallthrough)
branch  2 taken 0 (throw)
        1:   79-block  1
branch  3 taken 0 (fallthrough)
branch  4 taken 1
    %%%%%:   79-block  2
call    5 never executed
branch  6 never executed
branch  7 never executed
        1:   79-block  3
    %%%%%:   79-block  4
       1*:   80:    assert(d.get_minutes()==10);
        1:   80-block  0
call    0 returned 1
branch  1 taken 1 (fallthrough)
branch  2 taken 0 (throw)
        1:   80-block  1
branch  3 taken 0 (fallthrough)
branch  4 taken 1
    %%%%%:   80-block  2
call    5 never executed
branch  6 never executed
branch  7 never executed
        1:   80-block  3
    %%%%%:   80-block  4
        1:   81:}
        1:   81-block  0
call    0 returned 1
    $$$$$:   81-block  1
call    1 never executed
        -:   82:
function _ZN11Test_Recipe20test_number_of_likesEv called 1 returned 100% blocks executed 48%
        1:   83:void Test_Recipe::test_number_of_likes() {
        2:   84:    Recipe r = Recipe("A", "B", "C", 15, Duration(10, 0));
        1:   84-block  0
call    0 returned 1
branch  1 taken 1 (fallthrough)
branch  2 taken 0 (throw)
        1:   84-block  1
call    3 returned 1
call    4 returned 1
branch  5 taken 1 (fallthrough)
branch  6 taken 0 (throw)
        1:   84-block  2
call    7 returned 1
call    8 returned 1
branch  9 taken 1 (fallthrough)
branch 10 taken 0 (throw)
        1:   84-block  3
call   11 returned 1
call   12 returned 1
branch 13 taken 1 (fallthrough)
branch 14 taken 0 (throw)
        1:   84-block  4
call   15 returned 1
branch 16 taken 1 (fallthrough)
branch 17 taken 0 (throw)
call   18 returned 1
call   19 returned 1
call   20 returned 1
call   21 returned 1
call   22 returned 1
    $$$$$:   84-block  5
    $$$$$:   84-block  6
    $$$$$:   84-block  7
    $$$$$:   84-block  8
    $$$$$:   84-block  9
    $$$$$:   84-block 10
    $$$$$:   84-block 11
       1*:   85:    assert(r.get_number_of_likes()==15);
call    0 returned 1
branch  1 taken 1 (fallthrough)
branch  2 taken 0 (throw)
        1:   85-block  0
branch  3 taken 0 (fallthrough)
branch  4 taken 1
    %%%%%:   85-block  1
call    5 never executed
branch  6 never executed
branch  7 never executed
        1:   85-block  2
    %%%%%:   85-block  3
        1:   86:    r.set_number_of_likes(10);
        1:   86-block  0
call    0 returned 1
branch  1 taken 1 (fallthrough)
branch  2 taken 0 (throw)
       1*:   87:    assert(r.get_number_of_likes()==10);
        1:   87-block  0
call    0 returned 1
branch  1 taken 1 (fallthrough)
branch  2 taken 0 (throw)
        1:   87-block  1
branch  3 taken 0 (fallthrough)
branch  4 taken 1
    %%%%%:   87-block  2
call    5 never executed
branch  6 never executed
branch  7 never executed
        1:   87-block  3
    %%%%%:   87-block  4
        1:   88:}
        1:   88-block  0
call    0 returned 1
    $$$$$:   88-block  1
call    1 never executed
        -:   89:
function _ZN11Test_Recipe28test_operator_overload_equalEv called 1 returned 100% blocks executed 43%
        1:   90:void Test_Recipe::test_operator_overload_equal() {
        2:   91:    Recipe r = Recipe("A", "B", "C", 15, Duration(10, 0));
        1:   91-block  0
call    0 returned 1
branch  1 taken 1 (fallthrough)
branch  2 taken 0 (throw)
        1:   91-block  1
call    3 returned 1
call    4 returned 1
branch  5 taken 1 (fallthrough)
branch  6 taken 0 (throw)
        1:   91-block  2
call    7 returned 1
call    8 returned 1
branch  9 taken 1 (fallthrough)
branch 10 taken 0 (throw)
        1:   91-block  3
call   11 returned 1
call   12 returned 1
branch 13 taken 1 (fallthrough)
branch 14 taken 0 (throw)
        1:   91-block  4
call   15 returned 1
branch 16 taken 1 (fallthrough)
branch 17 taken 0 (throw)
call   18 returned 1
call   19 returned 1
call   20 returned 1
call   21 returned 1
call   22 returned 1
    $$$$$:   91-block  5
    $$$$$:   91-block  6
    $$$$$:   91-block  7
    $$$$$:   91-block  8
    $$$$$:   91-block  9
    $$$$$:   91-block 10
    $$$$$:   91-block 11
        2:   92:    Recipe p = Recipe("A", "B", "C", 15, Duration(10, 0));
call    0 returned 1
branch  1 taken 1 (fallthrough)
branch  2 taken 0 (throw)
        1:   92-block  0
call    3 returned 1
call    4 returned 1
branch  5 taken 1 (fallthrough)
branch  6 taken 0 (throw)
        1:   92-block  1
call    7 returned 1
call    8 returned 1
branch  9 taken 1 (fallthrough)
branch 10 taken 0 (throw)
        1:   92-block  2
call   11 returned 1
call   12 returned 1
branch 13 taken 1 (fallthrough)
branch 14 taken 0 (throw)
        1:   92-block  3
call   15 returned 1
branch 16 taken 1 (fallthrough)
branch 17 taken 0 (throw)
call   18 returned 1
call   19 returned 1
call   20 returned 1
call   21 returned 1
call   22 returned 1
    $$$$$:   92-block  4
    $$$$$:   92-block  5
    $$$$$:   92-block  6
    $$$$$:   92-block  7
    $$$$$:   92-block  8
    $$$$$:   92-block  9
    $$$$$:   92-block 10
       1*:   93:    assert(r==p);
call    0 returned 1
branch  1 taken 1 (fallthrough)
branch  2 taken 0 (throw)
        1:   93-block  0
branch  3 taken 0 (fallthrough)
branch  4 taken 1
    %%%%%:   93-block  1
call    5 never executed
branch  6 never executed
branch  7 never executed
        1:   93-block  2
    %%%%%:   93-block  3
        1:   94:}
        1:   94-block  0
call    0 returned 1
call    1 returned 1
    $$$$$:   94-block  1
call    2 never executed
    $$$$$:   94-block  2
call    3 never executed
        -:   95:
function _ZN11Test_Recipe18test_recipe_stringEv called 1 returned 100% blocks executed 46%
        1:   96:void Test_Recipe::test_recipe_string() {
        2:   97:    Recipe r = Recipe("A", "B", "C", 15, Duration(10, 0));
        1:   97-block  0
call    0 returned 1
branch  1 taken 1 (fallthrough)
branch  2 taken 0 (throw)
        1:   97-block  1
call    3 returned 1
call    4 returned 1
branch  5 taken 1 (fallthrough)
branch  6 taken 0 (throw)
        1:   97-block  2
call    7 returned 1
call    8 returned 1
branch  9 taken 1 (fallthrough)
branch 10 taken 0 (throw)
        1:   97-block  3
call   11 returned 1
call   12 returned 1
branch 13 taken 1 (fallthrough)
branch 14 taken 0 (throw)
        1:   97-block  4
call   15 returned 1
branch 16 taken 1 (fallthrough)
branch 17 taken 0 (throw)
call   18 returned 1
call   19 returned 1
call   20 returned 1
call   21 returned 1
call   22 returned 1
    $$$$$:   97-block  5
    $$$$$:   97-block  6
    $$$$$:   97-block  7
    $$$$$:   97-block  8
    $$$$$:   97-block  9
    $$$$$:   97-block 10
    $$$$$:   97-block 11
       1*:   98:    assert(r.recipe_string() == "Title: A by chef B with 15 likes.\n");
call    0 returned 1
branch  1 taken 1 (fallthrough)
branch  2 taken 0 (throw)
        1:   98-block  0
call    3 returned 1
branch  4 taken 0 (fallthrough)
branch  5 taken 1
    %%%%%:   98-block  1
call    6 never executed
branch  7 never executed
branch  8 never executed
        1:   98-block  2
    %%%%%:   98-block  3
        1:   98-block  4
branch  9 taken 1 (fallthrough)
branch 10 taken 0
        1:   98-block  5
call   11 returned 1
    $$$$$:   98-block  6
branch 12 never executed
branch 13 never executed
    $$$$$:   98-block  7
call   14 never executed
    $$$$$:   98-block  8
       1*:   99:    assert(r.recipe_long_string()== "Title: A by chef B. Duration: 10:0 with 15 likes.\n + link(C)\n");
        1:   99-block  0
call    0 returned 1
branch  1 taken 1 (fallthrough)
branch  2 taken 0 (throw)
        1:   99-block  1
call    3 returned 1
branch  4 taken 0 (fallthrough)
branch  5 taken 1
    %%%%%:   99-block  2
call    6 never executed
branch  7 never executed
branch  8 never executed
        1:   99-block  3
    %%%%%:   99-block  4
        1:   99-block  5
branch  9 taken 1 (fallthrough)
branch 10 taken 0
        1:   99-block  6
call   11 returned 1
    $$$$$:   99-block  7
branch 12 never executed
branch 13 never executed
    $$$$$:   99-block  8
call   14 never executed
    $$$$$:   99-block  9
        1:  100:}
        1:  100-block  0
call    0 returned 1
    $$$$$:  100-block  1
call    1 never executed
        -:  101:
function _ZN11Test_Recipe16all_tests_recipeEv called 1 returned 100% blocks executed 100%
        1:  102:void Test_Recipe::all_tests_recipe() {
        1:  103:    test_constructor_empty();
        1:  103-block  0
call    0 returned 1
        1:  104:    test_constructor_full();
call    0 returned 1
        1:  105:    test_copy_constructor();
call    0 returned 1
        1:  106:    test_number_of_likes();
call    0 returned 1
        1:  107:    test_operator_overload_equal();
call    0 returned 1
        1:  108:    test_partial_constructor();
call    0 returned 1
        1:  109:    test_recipe_string();
call    0 returned 1
        1:  110:    test_set_chef();
call    0 returned 1
        1:  111:    test_set_duration();
call    0 returned 1
        1:  112:    test_set_link();
call    0 returned 1
        1:  113:    test_set_title();
call    0 returned 1
        1:  114:}
        -:  115:
function _ZN11Test_RecipeC2Ev called 1 returned 100% blocks executed 100%
        1:  116:Test_Recipe::Test_Recipe() {
        -:  117:
        1:  118:}
        -:  119:
function _ZN15Test_RepositoryC2Ev called 1 returned 100% blocks executed 100%
        1:  120:Test_Repository::Test_Repository() {
        -:  121:
        1:  122:}
        -:  123:
function _ZN15Test_Repository16test_constructorEv called 1 returned 100% blocks executed 64%
        1:  124:void Test_Repository::test_constructor() {
        1:  125:    Repository repository;
        1:  125-block  0
call    0 returned 1
branch  1 taken 1 (fallthrough)
branch  2 taken 0 (throw)
       1*:  126:    assert(repository.get_number_of_recipes()==0);
        1:  126-block  0
call    0 returned 1
branch  1 taken 1 (fallthrough)
branch  2 taken 0 (throw)
        1:  126-block  1
branch  3 taken 0 (fallthrough)
branch  4 taken 1
    %%%%%:  126-block  2
call    5 never executed
branch  6 never executed
branch  7 never executed
        1:  126-block  3
    %%%%%:  126-block  4
        1:  127:}
        1:  127-block  0
call    0 returned 1
    $$$$$:  127-block  1
call    1 never executed
        -:  128:
function _ZN15Test_Repository20test_get_all_recipesEv called 1 returned 100% blocks executed 47%
        1:  129:void Test_Repository::test_get_all_recipes() {
        1:  130:    Repository repository;
        1:  130-block  0
call    0 returned 1
branch  1 taken 1 (fallthrough)
branch  2 taken 0 (throw)
        1:  131:    repository.add_recipe(Recipe("a", "b", "c"));
        1:  131-block  0
call    0 returned 1
call    1 returned 1
branch  2 taken 1 (fallthrough)
branch  3 taken 0 (throw)
        1:  131-block  1
call    4 returned 1
call    5 returned 1
branch  6 taken 1 (fallthrough)
branch  7 taken 0 (throw)
        1:  131-block  2
call    8 returned 1
call    9 returned 1
branch 10 taken 1 (fallthrough)
branch 11 taken 0 (throw)
        1:  131-block  3
call   12 returned 1
branch 13 taken 1 (fallthrough)
branch 14 taken 0 (throw)
        1:  131-block  4
call   15 returned 1
branch 16 taken 1 (fallthrough)
branch 17 taken 0 (throw)
        1:  131-block  5
call   18 returned 1
call   19 returned 1
call   20 returned 1
call   21 returned 1
call   22 returned 1
call   23 returned 1
call   24 returned 1
    $$$$$:  131-block  6
call   25 never executed
    $$$$$:  131-block  7
    $$$$$:  131-block  8
call   26 never executed
    $$$$$:  131-block  9
    $$$$$:  131-block 10
call   27 never executed
    $$$$$:  131-block 11
    $$$$$:  131-block 12
call   28 never executed
    $$$$$:  131-block 13
    $$$$$:  131-block 14
call   29 never executed
    $$$$$:  131-block 15
    $$$$$:  131-block 16
call   30 never executed
    $$$$$:  131-block 17
    $$$$$:  131-block 18
call   31 never executed
    $$$$$:  131-block 19
        1:  132:    Recipe* all_recipes = repository.get_all_recipes();
call    0 returned 1
branch  1 taken 1 (fallthrough)
branch  2 taken 0 (throw)
       1*:  133:    assert(all_recipes[0].get_title()=="a");
        1:  133-block  0
call    0 returned 1
branch  1 taken 1 (fallthrough)
branch  2 taken 0 (throw)
        1:  133-block  1
call    3 returned 1
branch  4 taken 0 (fallthrough)
branch  5 taken 1
    %%%%%:  133-block  2
call    6 never executed
branch  7 never executed
branch  8 never executed
        1:  133-block  3
    %%%%%:  133-block  4
        1:  133-block  5
branch  9 taken 1 (fallthrough)
branch 10 taken 0
        1:  133-block  6
call   11 returned 1
    $$$$$:  133-block  7
branch 12 never executed
branch 13 never executed
    $$$$$:  133-block  8
call   14 never executed
    $$$$$:  133-block  9
        1:  134:}
        1:  134-block  0
call    0 returned 1
    $$$$$:  134-block  1
call    1 never executed
        -:  135:
function _ZN15Test_Repository15test_add_recipeEv called 1 returned 100% blocks executed 47%
        1:  136:void Test_Repository::test_add_recipe() {
        1:  137:    Repository repository;
        1:  137-block  0
call    0 returned 1
branch  1 taken 1 (fallthrough)
branch  2 taken 0 (throw)
       1*:  138:    assert(repository.get_number_of_recipes()==0);
        1:  138-block  0
call    0 returned 1
branch  1 taken 1 (fallthrough)
branch  2 taken 0 (throw)
        1:  138-block  1
branch  3 taken 0 (fallthrough)
branch  4 taken 1
    %%%%%:  138-block  2
call    5 never executed
branch  6 never executed
branch  7 never executed
        1:  138-block  3
    %%%%%:  138-block  4
       1*:  139:    assert(repository.add_recipe(Recipe("a", "b", "c"))==true);
        1:  139-block  0
call    0 returned 1
call    1 returned 1
branch  2 taken 1 (fallthrough)
branch  3 taken 0 (throw)
        1:  139-block  1
call    4 returned 1
call    5 returned 1
branch  6 taken 1 (fallthrough)
branch  7 taken 0 (throw)
        1:  139-block  2
call    8 returned 1
call    9 returned 1
branch 10 taken 1 (fallthrough)
branch 11 taken 0 (throw)
        1:  139-block  3
call   12 returned 1
branch 13 taken 1 (fallthrough)
branch 14 taken 0 (throw)
        1:  139-block  4
call   15 returned 1
branch 16 taken 1 (fallthrough)
branch 17 taken 0 (throw)
        1:  139-block  5
branch 18 taken 0 (fallthrough)
branch 19 taken 1
    %%%%%:  139-block  6
call   20 never executed
branch 21 never executed
branch 22 never executed
        1:  139-block  7
    %%%%%:  139-block  8
        1:  139-block  9
branch 23 taken 1 (fallthrough)
branch 24 taken 0
        1:  139-block 10
call   25 returned 1
        1:  139-block 11
branch 26 taken 1 (fallthrough)
branch 27 taken 0
        1:  139-block 12
call   28 returned 1
        1:  139-block 13
branch 29 taken 1 (fallthrough)
branch 30 taken 0
        1:  139-block 14
call   31 returned 1
        1:  139-block 15
branch 32 taken 1 (fallthrough)
branch 33 taken 0
        1:  139-block 16
call   34 returned 1
        1:  139-block 17
branch 35 taken 1 (fallthrough)
branch 36 taken 0
        1:  139-block 18
call   37 returned 1
        1:  139-block 19
branch 38 taken 1 (fallthrough)
branch 39 taken 0
        1:  139-block 20
call   40 returned 1
        1:  139-block 21
branch 41 taken 1 (fallthrough)
branch 42 taken 0
        1:  139-block 22
call   43 returned 1
    $$$$$:  139-block 23
branch 44 never executed
branch 45 never executed
    $$$$$:  139-block 24
call   46 never executed
    $$$$$:  139-block 25
    $$$$$:  139-block 26
branch 47 never executed
branch 48 never executed
    $$$$$:  139-block 27
call   49 never executed
    $$$$$:  139-block 28
    $$$$$:  139-block 29
branch 50 never executed
branch 51 never executed
    $$$$$:  139-block 30
call   52 never executed
    $$$$$:  139-block 31
    $$$$$:  139-block 32
branch 53 never executed
branch 54 never executed
    $$$$$:  139-block 33
call   55 never executed
    $$$$$:  139-block 34
    $$$$$:  139-block 35
branch 56 never executed
branch 57 never executed
    $$$$$:  139-block 36
call   58 never executed
    $$$$$:  139-block 37
    $$$$$:  139-block 38
branch 59 never executed
branch 60 never executed
    $$$$$:  139-block 39
call   61 never executed
    $$$$$:  139-block 40
    $$$$$:  139-block 41
branch 62 never executed
branch 63 never executed
    $$$$$:  139-block 42
call   64 never executed
    $$$$$:  139-block 43
       1*:  140:    assert(repository.get_number_of_recipes()==1);
        1:  140-block  0
call    0 returned 1
branch  1 taken 1 (fallthrough)
branch  2 taken 0 (throw)
        1:  140-block  1
branch  3 taken 0 (fallthrough)
branch  4 taken 1
    %%%%%:  140-block  2
call    5 never executed
branch  6 never executed
branch  7 never executed
        1:  140-block  3
    %%%%%:  140-block  4
       1*:  141:    assert(repository.add_recipe(Recipe("a", "b", "c"))==false);
        1:  141-block  0
call    0 returned 1
call    1 returned 1
branch  2 taken 1 (fallthrough)
branch  3 taken 0 (throw)
        1:  141-block  1
call    4 returned 1
call    5 returned 1
branch  6 taken 1 (fallthrough)
branch  7 taken 0 (throw)
        1:  141-block  2
call    8 returned 1
call    9 returned 1
branch 10 taken 1 (fallthrough)
branch 11 taken 0 (throw)
        1:  141-block  3
call   12 returned 1
branch 13 taken 1 (fallthrough)
branch 14 taken 0 (throw)
        1:  141-block  4
call   15 returned 1
branch 16 taken 1 (fallthrough)
branch 17 taken 0 (throw)
        1:  141-block  5
branch 18 taken 0 (fallthrough)
branch 19 taken 1
    %%%%%:  141-block  6
call   20 never executed
branch 21 never executed
branch 22 never executed
        1:  141-block  7
    %%%%%:  141-block  8
        1:  141-block  9
branch 23 taken 1 (fallthrough)
branch 24 taken 0
        1:  141-block 10
call   25 returned 1
        1:  141-block 11
branch 26 taken 1 (fallthrough)
branch 27 taken 0
        1:  141-block 12
call   28 returned 1
        1:  141-block 13
branch 29 taken 1 (fallthrough)
branch 30 taken 0
        1:  141-block 14
call   31 returned 1
        1:  141-block 15
branch 32 taken 1 (fallthrough)
branch 33 taken 0
        1:  141-block 16
call   34 returned 1
        1:  141-block 17
branch 35 taken 1 (fallthrough)
branch 36 taken 0
        1:  141-block 18
call   37 returned 1
        1:  141-block 19
branch 38 taken 1 (fallthrough)
branch 39 taken 0
        1:  141-block 20
call   40 returned 1
        1:  141-block 21
branch 41 taken 1 (fallthrough)
branch 42 taken 0
        1:  141-block 22
call   43 returned 1
    $$$$$:  141-block 23
branch 44 never executed
branch 45 never executed
    $$$$$:  141-block 24
call   46 never executed
    $$$$$:  141-block 25
    $$$$$:  141-block 26
branch 47 never executed
branch 48 never executed
    $$$$$:  141-block 27
call   49 never executed
    $$$$$:  141-block 28
    $$$$$:  141-block 29
branch 50 never executed
branch 51 never executed
    $$$$$:  141-block 30
call   52 never executed
    $$$$$:  141-block 31
    $$$$$:  141-block 32
branch 53 never executed
branch 54 never executed
    $$$$$:  141-block 33
call   55 never executed
    $$$$$:  141-block 34
    $$$$$:  141-block 35
branch 56 never executed
branch 57 never executed
    $$$$$:  141-block 36
call   58 never executed
    $$$$$:  141-block 37
    $$$$$:  141-block 38
branch 59 never executed
branch 60 never executed
    $$$$$:  141-block 39
call   61 never executed
    $$$$$:  141-block 40
    $$$$$:  141-block 41
branch 62 never executed
branch 63 never executed
    $$$$$:  141-block 42
call   64 never executed
    $$$$$:  141-block 43
       1*:  142:    assert(repository.get_number_of_recipes()==1);
        1:  142-block  0
call    0 returned 1
branch  1 taken 1 (fallthrough)
branch  2 taken 0 (throw)
        1:  142-block  1
branch  3 taken 0 (fallthrough)
branch  4 taken 1
    %%%%%:  142-block  2
call    5 never executed
branch  6 never executed
branch  7 never executed
        1:  142-block  3
    %%%%%:  142-block  4
        -:  143:
        -:  144:
        1:  145:}
        1:  145-block  0
call    0 returned 1
    $$$$$:  145-block  1
call    1 never executed
        -:  146:
function _ZN15Test_Repository18test_delete_recipeEv called 1 returned 100% blocks executed 46%
        1:  147:void Test_Repository::test_delete_recipe() {
        1:  148:    Repository repository;
        1:  148-block  0
call    0 returned 1
branch  1 taken 1 (fallthrough)
branch  2 taken 0 (throw)
       1*:  149:    assert(repository.get_number_of_recipes()==0);
        1:  149-block  0
call    0 returned 1
branch  1 taken 1 (fallthrough)
branch  2 taken 0 (throw)
        1:  149-block  1
branch  3 taken 0 (fallthrough)
branch  4 taken 1
    %%%%%:  149-block  2
call    5 never executed
branch  6 never executed
branch  7 never executed
        1:  149-block  3
    %%%%%:  149-block  4
       1*:  150:    assert(repository.add_recipe(Recipe("a", "b", "c"))==true);
        1:  150-block  0
call    0 returned 1
call    1 returned 1
branch  2 taken 1 (fallthrough)
branch  3 taken 0 (throw)
        1:  150-block  1
call    4 returned 1
call    5 returned 1
branch  6 taken 1 (fallthrough)
branch  7 taken 0 (throw)
        1:  150-block  2
call    8 returned 1
call    9 returned 1
branch 10 taken 1 (fallthrough)
branch 11 taken 0 (throw)
        1:  150-block  3
call   12 returned 1
branch 13 taken 1 (fallthrough)
branch 14 taken 0 (throw)
        1:  150-block  4
call   15 returned 1
branch 16 taken 1 (fallthrough)
branch 17 taken 0 (throw)
        1:  150-block  5
branch 18 taken 0 (fallthrough)
branch 19 taken 1
    %%%%%:  150-block  6
call   20 never executed
branch 21 never executed
branch 22 never executed
        1:  150-block  7
    %%%%%:  150-block  8
        1:  150-block  9
branch 23 taken 1 (fallthrough)
branch 24 taken 0
        1:  150-block 10
call   25 returned 1
        1:  150-block 11
branch 26 taken 1 (fallthrough)
branch 27 taken 0
        1:  150-block 12
call   28 returned 1
        1:  150-block 13
branch 29 taken 1 (fallthrough)
branch 30 taken 0
        1:  150-block 14
call   31 returned 1
        1:  150-block 15
branch 32 taken 1 (fallthrough)
branch 33 taken 0
        1:  150-block 16
call   34 returned 1
        1:  150-block 17
branch 35 taken 1 (fallthrough)
branch 36 taken 0
        1:  150-block 18
call   37 returned 1
        1:  150-block 19
branch 38 taken 1 (fallthrough)
branch 39 taken 0
        1:  150-block 20
call   40 returned 1
        1:  150-block 21
branch 41 taken 1 (fallthrough)
branch 42 taken 0
        1:  150-block 22
call   43 returned 1
    $$$$$:  150-block 23
branch 44 never executed
branch 45 never executed
    $$$$$:  150-block 24
call   46 never executed
    $$$$$:  150-block 25
    $$$$$:  150-block 26
branch 47 never executed
branch 48 never executed
    $$$$$:  150-block 27
call   49 never executed
    $$$$$:  150-block 28
    $$$$$:  150-block 29
branch 50 never executed
branch 51 never executed
    $$$$$:  150-block 30
call   52 never executed
    $$$$$:  150-block 31
    $$$$$:  150-block 32
branch 53 never executed
branch 54 never executed
    $$$$$:  150-block 33
call   55 never executed
    $$$$$:  150-block 34
    $$$$$:  150-block 35
branch 56 never executed
branch 57 never executed
    $$$$$:  150-block 36
call   58 never executed
    $$$$$:  150-block 37
    $$$$$:  150-block 38
branch 59 never executed
branch 60 never executed
    $$$$$:  150-block 39
call   61 never executed
    $$$$$:  150-block 40
    $$$$$:  150-block 41
branch 62 never executed
branch 63 never executed
    $$$$$:  150-block 42
call   64 never executed
    $$$$$:  150-block 43
       1*:  151:    assert(repository.get_number_of_recipes()==1);
        1:  151-block  0
call    0 returned 1
branch  1 taken 1 (fallthrough)
branch  2 taken 0 (throw)
        1:  151-block  1
branch  3 taken 0 (fallthrough)
branch  4 taken 1
    %%%%%:  151-block  2
call    5 never executed
branch  6 never executed
branch  7 never executed
        1:  151-block  3
    %%%%%:  151-block  4
       1*:  152:    assert(repository.add_recipe(Recipe("A", "B", "C"))==true);
        1:  152-block  0
call    0 returned 1
call    1 returned 1
branch  2 taken 1 (fallthrough)
branch  3 taken 0 (throw)
        1:  152-block  1
call    4 returned 1
call    5 returned 1
branch  6 taken 1 (fallthrough)
branch  7 taken 0 (throw)
        1:  152-block  2
call    8 returned 1
call    9 returned 1
branch 10 taken 1 (fallthrough)
branch 11 taken 0 (throw)
        1:  152-block  3
call   12 returned 1
branch 13 taken 1 (fallthrough)
branch 14 taken 0 (throw)
        1:  152-block  4
call   15 returned 1
branch 16 taken 1 (fallthrough)
branch 17 taken 0 (throw)
        1:  152-block  5
branch 18 taken 0 (fallthrough)
branch 19 taken 1
    %%%%%:  152-block  6
call   20 never executed
branch 21 never executed
branch 22 never executed
        1:  152-block  7
    %%%%%:  152-block  8
        1:  152-block  9
branch 23 taken 1 (fallthrough)
branch 24 taken 0
        1:  152-block 10
call   25 returned 1
        1:  152-block 11
branch 26 taken 1 (fallthrough)
branch 27 taken 0
        1:  152-block 12
call   28 returned 1
        1:  152-block 13
branch 29 taken 1 (fallthrough)
branch 30 taken 0
        1:  152-block 14
call   31 returned 1
        1:  152-block 15
branch 32 taken 1 (fallthrough)
branch 33 taken 0
        1:  152-block 16
call   34 returned 1
        1:  152-block 17
branch 35 taken 1 (fallthrough)
branch 36 taken 0
        1:  152-block 18
call   37 returned 1
        1:  152-block 19
branch 38 taken 1 (fallthrough)
branch 39 taken 0
        1:  152-block 20
call   40 returned 1
        1:  152-block 21
branch 41 taken 1 (fallthrough)
branch 42 taken 0
        1:  152-block 22
call   43 returned 1
    $$$$$:  152-block 23
branch 44 never executed
branch 45 never executed
    $$$$$:  152-block 24
call   46 never executed
    $$$$$:  152-block 25
    $$$$$:  152-block 26
branch 47 never executed
branch 48 never executed
    $$$$$:  152-block 27
call   49 never executed
    $$$$$:  152-block 28
    $$$$$:  152-block 29
branch 50 never executed
branch 51 never executed
    $$$$$:  152-block 30
call   52 never executed
    $$$$$:  152-block 31
    $$$$$:  152-block 32
branch 53 never executed
branch 54 never executed
    $$$$$:  152-block 33
call   55 never executed
    $$$$$:  152-block 34
    $$$$$:  152-block 35
branch 56 never executed
branch 57 never executed
    $$$$$:  152-block 36
call   58 never executed
    $$$$$:  152-block 37
    $$$$$:  152-block 38
branch 59 never executed
branch 60 never executed
    $$$$$:  152-block 39
call   61 never executed
    $$$$$:  152-block 40
    $$$$$:  152-block 41
branch 62 never executed
branch 63 never executed
    $$$$$:  152-block 42
call   64 never executed
    $$$$$:  152-block 43
       1*:  153:    assert(repository.delete_recipe(Recipe("a", "b", "c"))==true);
        1:  153-block  0
call    0 returned 1
call    1 returned 1
branch  2 taken 1 (fallthrough)
branch  3 taken 0 (throw)
        1:  153-block  1
call    4 returned 1
call    5 returned 1
branch  6 taken 1 (fallthrough)
branch  7 taken 0 (throw)
        1:  153-block  2
call    8 returned 1
call    9 returned 1
branch 10 taken 1 (fallthrough)
branch 11 taken 0 (throw)
        1:  153-block  3
call   12 returned 1
branch 13 taken 1 (fallthrough)
branch 14 taken 0 (throw)
        1:  153-block  4
call   15 returned 1
branch 16 taken 1 (fallthrough)
branch 17 taken 0 (throw)
        1:  153-block  5
branch 18 taken 0 (fallthrough)
branch 19 taken 1
    %%%%%:  153-block  6
call   20 never executed
branch 21 never executed
branch 22 never executed
        1:  153-block  7
    %%%%%:  153-block  8
        1:  153-block  9
branch 23 taken 1 (fallthrough)
branch 24 taken 0
        1:  153-block 10
call   25 returned 1
        1:  153-block 11
branch 26 taken 1 (fallthrough)
branch 27 taken 0
        1:  153-block 12
call   28 returned 1
        1:  153-block 13
branch 29 taken 1 (fallthrough)
branch 30 taken 0
        1:  153-block 14
call   31 returned 1
        1:  153-block 15
branch 32 taken 1 (fallthrough)
branch 33 taken 0
        1:  153-block 16
call   34 returned 1
        1:  153-block 17
branch 35 taken 1 (fallthrough)
branch 36 taken 0
        1:  153-block 18
call   37 returned 1
        1:  153-block 19
branch 38 taken 1 (fallthrough)
branch 39 taken 0
        1:  153-block 20
call   40 returned 1
        1:  153-block 21
branch 41 taken 1 (fallthrough)
branch 42 taken 0
        1:  153-block 22
call   43 returned 1
    $$$$$:  153-block 23
branch 44 never executed
branch 45 never executed
    $$$$$:  153-block 24
call   46 never executed
    $$$$$:  153-block 25
    $$$$$:  153-block 26
branch 47 never executed
branch 48 never executed
    $$$$$:  153-block 27
call   49 never executed
    $$$$$:  153-block 28
    $$$$$:  153-block 29
branch 50 never executed
branch 51 never executed
    $$$$$:  153-block 30
call   52 never executed
    $$$$$:  153-block 31
    $$$$$:  153-block 32
branch 53 never executed
branch 54 never executed
    $$$$$:  153-block 33
call   55 never executed
    $$$$$:  153-block 34
    $$$$$:  153-block 35
branch 56 never executed
branch 57 never executed
    $$$$$:  153-block 36
call   58 never executed
    $$$$$:  153-block 37
    $$$$$:  153-block 38
branch 59 never executed
branch 60 never executed
    $$$$$:  153-block 39
call   61 never executed
    $$$$$:  153-block 40
    $$$$$:  153-block 41
branch 62 never executed
branch 63 never executed
    $$$$$:  153-block 42
call   64 never executed
    $$$$$:  153-block 43
       1*:  154:    assert(repository.get_number_of_recipes()==1);
        1:  154-block  0
call    0 returned 1
branch  1 taken 1 (fallthrough)
branch  2 taken 0 (throw)
        1:  154-block  1
branch  3 taken 0 (fallthrough)
branch  4 taken 1
    %%%%%:  154-block  2
call    5 never executed
branch  6 never executed
branch  7 never executed
        1:  154-block  3
    %%%%%:  154-block  4
       1*:  155:    assert(repository.delete_recipe(Recipe("a", "b", "c"))==false);
        1:  155-block  0
call    0 returned 1
call    1 returned 1
branch  2 taken 1 (fallthrough)
branch  3 taken 0 (throw)
        1:  155-block  1
call    4 returned 1
call    5 returned 1
branch  6 taken 1 (fallthrough)
branch  7 taken 0 (throw)
        1:  155-block  2
call    8 returned 1
call    9 returned 1
branch 10 taken 1 (fallthrough)
branch 11 taken 0 (throw)
        1:  155-block  3
call   12 returned 1
branch 13 taken 1 (fallthrough)
branch 14 taken 0 (throw)
        1:  155-block  4
call   15 returned 1
branch 16 taken 1 (fallthrough)
branch 17 taken 0 (throw)
        1:  155-block  5
branch 18 taken 0 (fallthrough)
branch 19 taken 1
    %%%%%:  155-block  6
call   20 never executed
branch 21 never executed
branch 22 never executed
        1:  155-block  7
    %%%%%:  155-block  8
        1:  155-block  9
branch 23 taken 1 (fallthrough)
branch 24 taken 0
        1:  155-block 10
call   25 returned 1
        1:  155-block 11
branch 26 taken 1 (fallthrough)
branch 27 taken 0
        1:  155-block 12
call   28 returned 1
        1:  155-block 13
branch 29 taken 1 (fallthrough)
branch 30 taken 0
        1:  155-block 14
call   31 returned 1
        1:  155-block 15
branch 32 taken 1 (fallthrough)
branch 33 taken 0
        1:  155-block 16
call   34 returned 1
        1:  155-block 17
branch 35 taken 1 (fallthrough)
branch 36 taken 0
        1:  155-block 18
call   37 returned 1
        1:  155-block 19
branch 38 taken 1 (fallthrough)
branch 39 taken 0
        1:  155-block 20
call   40 returned 1
        1:  155-block 21
branch 41 taken 1 (fallthrough)
branch 42 taken 0
        1:  155-block 22
call   43 returned 1
    $$$$$:  155-block 23
branch 44 never executed
branch 45 never executed
    $$$$$:  155-block 24
call   46 never executed
    $$$$$:  155-block 25
    $$$$$:  155-block 26
branch 47 never executed
branch 48 never executed
    $$$$$:  155-block 27
call   49 never executed
    $$$$$:  155-block 28
    $$$$$:  155-block 29
branch 50 never executed
branch 51 never executed
    $$$$$:  155-block 30
call   52 never executed
    $$$$$:  155-block 31
    $$$$$:  155-block 32
branch 53 never executed
branch 54 never executed
    $$$$$:  155-block 33
call   55 never executed
    $$$$$:  155-block 34
    $$$$$:  155-block 35
branch 56 never executed
branch 57 never executed
    $$$$$:  155-block 36
call   58 never executed
    $$$$$:  155-block 37
    $$$$$:  155-block 38
branch 59 never executed
branch 60 never executed
    $$$$$:  155-block 39
call   61 never executed
    $$$$$:  155-block 40
    $$$$$:  155-block 41
branch 62 never executed
branch 63 never executed
    $$$$$:  155-block 42
call   64 never executed
    $$$$$:  155-block 43
        1:  156:}
        1:  156-block  0
call    0 returned 1
    $$$$$:  156-block  1
call    1 never executed
        -:  157:
function _ZN15Test_Repository18test_update_recipeEv called 1 returned 100% blocks executed 45%
        1:  158:void Test_Repository::test_update_recipe() {
        1:  159:    Repository repository;
        1:  159-block  0
call    0 returned 1
branch  1 taken 1 (fallthrough)
branch  2 taken 0 (throw)
       1*:  160:    assert(repository.get_number_of_recipes()==0);
        1:  160-block  0
call    0 returned 1
branch  1 taken 1 (fallthrough)
branch  2 taken 0 (throw)
        1:  160-block  1
branch  3 taken 0 (fallthrough)
branch  4 taken 1
    %%%%%:  160-block  2
call    5 never executed
branch  6 never executed
branch  7 never executed
        1:  160-block  3
    %%%%%:  160-block  4
       1*:  161:    assert(repository.add_recipe(Recipe("a", "b", "c"))==true);
        1:  161-block  0
call    0 returned 1
call    1 returned 1
branch  2 taken 1 (fallthrough)
branch  3 taken 0 (throw)
        1:  161-block  1
call    4 returned 1
call    5 returned 1
branch  6 taken 1 (fallthrough)
branch  7 taken 0 (throw)
        1:  161-block  2
call    8 returned 1
call    9 returned 1
branch 10 taken 1 (fallthrough)
branch 11 taken 0 (throw)
        1:  161-block  3
call   12 returned 1
branch 13 taken 1 (fallthrough)
branch 14 taken 0 (throw)
        1:  161-block  4
call   15 returned 1
branch 16 taken 1 (fallthrough)
branch 17 taken 0 (throw)
        1:  161-block  5
branch 18 taken 0 (fallthrough)
branch 19 taken 1
    %%%%%:  161-block  6
call   20 never executed
branch 21 never executed
branch 22 never executed
        1:  161-block  7
    %%%%%:  161-block  8
        1:  161-block  9
branch 23 taken 1 (fallthrough)
branch 24 taken 0
        1:  161-block 10
call   25 returned 1
        1:  161-block 11
branch 26 taken 1 (fallthrough)
branch 27 taken 0
        1:  161-block 12
call   28 returned 1
        1:  161-block 13
branch 29 taken 1 (fallthrough)
branch 30 taken 0
        1:  161-block 14
call   31 returned 1
        1:  161-block 15
branch 32 taken 1 (fallthrough)
branch 33 taken 0
        1:  161-block 16
call   34 returned 1
        1:  161-block 17
branch 35 taken 1 (fallthrough)
branch 36 taken 0
        1:  161-block 18
call   37 returned 1
        1:  161-block 19
branch 38 taken 1 (fallthrough)
branch 39 taken 0
        1:  161-block 20
call   40 returned 1
        1:  161-block 21
branch 41 taken 1 (fallthrough)
branch 42 taken 0
        1:  161-block 22
call   43 returned 1
    $$$$$:  161-block 23
branch 44 never executed
branch 45 never executed
    $$$$$:  161-block 24
call   46 never executed
    $$$$$:  161-block 25
    $$$$$:  161-block 26
branch 47 never executed
branch 48 never executed
    $$$$$:  161-block 27
call   49 never executed
    $$$$$:  161-block 28
    $$$$$:  161-block 29
branch 50 never executed
branch 51 never executed
    $$$$$:  161-block 30
call   52 never executed
    $$$$$:  161-block 31
    $$$$$:  161-block 32
branch 53 never executed
branch 54 never executed
    $$$$$:  161-block 33
call   55 never executed
    $$$$$:  161-block 34
    $$$$$:  161-block 35
branch 56 never executed
branch 57 never executed
    $$$$$:  161-block 36
call   58 never executed
    $$$$$:  161-block 37
    $$$$$:  161-block 38
branch 59 never executed
branch 60 never executed
    $$$$$:  161-block 39
call   61 never executed
    $$$$$:  161-block 40
    $$$$$:  161-block 41
branch 62 never executed
branch 63 never executed
    $$$$$:  161-block 42
call   64 never executed
    $$$$$:  161-block 43
       1*:  162:    assert(repository.get_number_of_recipes()==1);
        1:  162-block  0
call    0 returned 1
branch  1 taken 1 (fallthrough)
branch  2 taken 0 (throw)
        1:  162-block  1
branch  3 taken 0 (fallthrough)
branch  4 taken 1
    %%%%%:  162-block  2
call    5 never executed
branch  6 never executed
branch  7 never executed
        1:  162-block  3
    %%%%%:  162-block  4
       1*:  163:    assert(repository.update_recipe(Recipe("a", "b", "c"),Recipe("d", "e", "f"))==true);
        1:  163-block  0
call    0 returned 1
call    1 returned 1
branch  2 taken 1 (fallthrough)
branch  3 taken 0 (throw)
        1:  163-block  1
call    4 returned 1
call    5 returned 1
branch  6 taken 1 (fallthrough)
branch  7 taken 0 (throw)
        1:  163-block  2
call    8 returned 1
call    9 returned 1
branch 10 taken 1 (fallthrough)
branch 11 taken 0 (throw)
        1:  163-block  3
call   12 returned 1
branch 13 taken 1 (fallthrough)
branch 14 taken 0 (throw)
        1:  163-block  4
call   15 returned 1
call   16 returned 1
branch 17 taken 1 (fallthrough)
branch 18 taken 0 (throw)
        1:  163-block  5
call   19 returned 1
call   20 returned 1
branch 21 taken 1 (fallthrough)
branch 22 taken 0 (throw)
        1:  163-block  6
call   23 returned 1
call   24 returned 1
branch 25 taken 1 (fallthrough)
branch 26 taken 0 (throw)
        1:  163-block  7
call   27 returned 1
branch 28 taken 1 (fallthrough)
branch 29 taken 0 (throw)
        1:  163-block  8
call   30 returned 1
branch 31 taken 1 (fallthrough)
branch 32 taken 0 (throw)
        1:  163-block  9
branch 33 taken 0 (fallthrough)
branch 34 taken 1
    %%%%%:  163-block 10
call   35 never executed
branch 36 never executed
branch 37 never executed
        1:  163-block 11
    %%%%%:  163-block 12
        1:  163-block 13
branch 38 taken 1 (fallthrough)
branch 39 taken 0
        1:  163-block 14
call   40 returned 1
        1:  163-block 15
branch 41 taken 1 (fallthrough)
branch 42 taken 0
        1:  163-block 16
call   43 returned 1
        1:  163-block 17
branch 44 taken 1 (fallthrough)
branch 45 taken 0
        1:  163-block 18
call   46 returned 1
        1:  163-block 19
branch 47 taken 1 (fallthrough)
branch 48 taken 0
        1:  163-block 20
call   49 returned 1
        1:  163-block 21
branch 50 taken 1 (fallthrough)
branch 51 taken 0
        1:  163-block 22
call   52 returned 1
        1:  163-block 23
branch 53 taken 1 (fallthrough)
branch 54 taken 0
        1:  163-block 24
call   55 returned 1
        1:  163-block 25
branch 56 taken 1 (fallthrough)
branch 57 taken 0
        1:  163-block 26
call   58 returned 1
        1:  163-block 27
branch 59 taken 1 (fallthrough)
branch 60 taken 0
        1:  163-block 28
call   61 returned 1
        1:  163-block 29
branch 62 taken 1 (fallthrough)
branch 63 taken 0
        1:  163-block 30
call   64 returned 1
        1:  163-block 31
branch 65 taken 1 (fallthrough)
branch 66 taken 0
        1:  163-block 32
call   67 returned 1
        1:  163-block 33
branch 68 taken 1 (fallthrough)
branch 69 taken 0
        1:  163-block 34
call   70 returned 1
        1:  163-block 35
branch 71 taken 1 (fallthrough)
branch 72 taken 0
        1:  163-block 36
call   73 returned 1
        1:  163-block 37
branch 74 taken 1 (fallthrough)
branch 75 taken 0
        1:  163-block 38
call   76 returned 1
        1:  163-block 39
branch 77 taken 1 (fallthrough)
branch 78 taken 0
        1:  163-block 40
call   79 returned 1
    $$$$$:  163-block 41
branch 80 never executed
branch 81 never executed
    $$$$$:  163-block 42
call   82 never executed
    $$$$$:  163-block 43
    $$$$$:  163-block 44
branch 83 never executed
branch 84 never executed
    $$$$$:  163-block 45
call   85 never executed
    $$$$$:  163-block 46
    $$$$$:  163-block 47
branch 86 never executed
branch 87 never executed
    $$$$$:  163-block 48
call   88 never executed
    $$$$$:  163-block 49
    $$$$$:  163-block 50
branch 89 never executed
branch 90 never executed
    $$$$$:  163-block 51
call   91 never executed
    $$$$$:  163-block 52
    $$$$$:  163-block 53
branch 92 never executed
branch 93 never executed
    $$$$$:  163-block 54
call   94 never executed
    $$$$$:  163-block 55
    $$$$$:  163-block 56
branch 95 never executed
branch 96 never executed
    $$$$$:  163-block 57
call   97 never executed
    $$$$$:  163-block 58
    $$$$$:  163-block 59
branch 98 never executed
branch 99 never executed
    $$$$$:  163-block 60
call   100 never executed
    $$$$$:  163-block 61
    $$$$$:  163-block 62
branch 101 never executed
branch 102 never executed
    $$$$$:  163-block 63
call   103 never executed
    $$$$$:  163-block 64
    $$$$$:  163-block 65
branch 104 never executed
branch 105 never executed
    $$$$$:  163-block 66
call   106 never executed
    $$$$$:  163-block 67
    $$$$$:  163-block 68
branch 107 never executed
branch 108 never executed
    $$$$$:  163-block 69
call   109 never executed
    $$$$$:  163-block 70
    $$$$$:  163-block 71
branch 110 never executed
branch 111 never executed
    $$$$$:  163-block 72
call   112 never executed
    $$$$$:  163-block 73
    $$$$$:  163-block 74
branch 113 never executed
branch 114 never executed
    $$$$$:  163-block 75
call   115 never executed
    $$$$$:  163-block 76
    $$$$$:  163-block 77
branch 116 never executed
branch 117 never executed
    $$$$$:  163-block 78
call   118 never executed
    $$$$$:  163-block 79
    $$$$$:  163-block 80
branch 119 never executed
branch 120 never executed
    $$$$$:  163-block 81
call   121 never executed
    $$$$$:  163-block 82
       1*:  164:    assert(repository.get_number_of_recipes()==1);
        1:  164-block  0
call    0 returned 1
branch  1 taken 1 (fallthrough)
branch  2 taken 0 (throw)
        1:  164-block  1
branch  3 taken 0 (fallthrough)
branch  4 taken 1
    %%%%%:  164-block  2
call    5 never executed
branch  6 never executed
branch  7 never executed
        1:  164-block  3
    %%%%%:  164-block  4
       1*:  165:    assert(repository.update_recipe(Recipe("a", "b", "c"),Recipe("d", "e", "f"))==false);
        1:  165-block  0
call    0 returned 1
call    1 returned 1
branch  2 taken 1 (fallthrough)
branch  3 taken 0 (throw)
        1:  165-block  1
call    4 returned 1
call    5 returned 1
branch  6 taken 1 (fallthrough)
branch  7 taken 0 (throw)
        1:  165-block  2
call    8 returned 1
call    9 returned 1
branch 10 taken 1 (fallthrough)
branch 11 taken 0 (throw)
        1:  165-block  3
call   12 returned 1
branch 13 taken 1 (fallthrough)
branch 14 taken 0 (throw)
        1:  165-block  4
call   15 returned 1
call   16 returned 1
branch 17 taken 1 (fallthrough)
branch 18 taken 0 (throw)
        1:  165-block  5
call   19 returned 1
call   20 returned 1
branch 21 taken 1 (fallthrough)
branch 22 taken 0 (throw)
        1:  165-block  6
call   23 returned 1
call   24 returned 1
branch 25 taken 1 (fallthrough)
branch 26 taken 0 (throw)
        1:  165-block  7
call   27 returned 1
branch 28 taken 1 (fallthrough)
branch 29 taken 0 (throw)
        1:  165-block  8
call   30 returned 1
branch 31 taken 1 (fallthrough)
branch 32 taken 0 (throw)
        1:  165-block  9
branch 33 taken 0 (fallthrough)
branch 34 taken 1
    %%%%%:  165-block 10
call   35 never executed
branch 36 never executed
branch 37 never executed
        1:  165-block 11
    %%%%%:  165-block 12
        1:  165-block 13
branch 38 taken 1 (fallthrough)
branch 39 taken 0
        1:  165-block 14
call   40 returned 1
        1:  165-block 15
branch 41 taken 1 (fallthrough)
branch 42 taken 0
        1:  165-block 16
call   43 returned 1
        1:  165-block 17
branch 44 taken 1 (fallthrough)
branch 45 taken 0
        1:  165-block 18
call   46 returned 1
        1:  165-block 19
branch 47 taken 1 (fallthrough)
branch 48 taken 0
        1:  165-block 20
call   49 returned 1
        1:  165-block 21
branch 50 taken 1 (fallthrough)
branch 51 taken 0
        1:  165-block 22
call   52 returned 1
        1:  165-block 23
branch 53 taken 1 (fallthrough)
branch 54 taken 0
        1:  165-block 24
call   55 returned 1
        1:  165-block 25
branch 56 taken 1 (fallthrough)
branch 57 taken 0
        1:  165-block 26
call   58 returned 1
        1:  165-block 27
branch 59 taken 1 (fallthrough)
branch 60 taken 0
        1:  165-block 28
call   61 returned 1
        1:  165-block 29
branch 62 taken 1 (fallthrough)
branch 63 taken 0
        1:  165-block 30
call   64 returned 1
        1:  165-block 31
branch 65 taken 1 (fallthrough)
branch 66 taken 0
        1:  165-block 32
call   67 returned 1
        1:  165-block 33
branch 68 taken 1 (fallthrough)
branch 69 taken 0
        1:  165-block 34
call   70 returned 1
        1:  165-block 35
branch 71 taken 1 (fallthrough)
branch 72 taken 0
        1:  165-block 36
call   73 returned 1
        1:  165-block 37
branch 74 taken 1 (fallthrough)
branch 75 taken 0
        1:  165-block 38
call   76 returned 1
        1:  165-block 39
branch 77 taken 1 (fallthrough)
branch 78 taken 0
        1:  165-block 40
call   79 returned 1
    $$$$$:  165-block 41
branch 80 never executed
branch 81 never executed
    $$$$$:  165-block 42
call   82 never executed
    $$$$$:  165-block 43
    $$$$$:  165-block 44
branch 83 never executed
branch 84 never executed
    $$$$$:  165-block 45
call   85 never executed
    $$$$$:  165-block 46
    $$$$$:  165-block 47
branch 86 never executed
branch 87 never executed
    $$$$$:  165-block 48
call   88 never executed
    $$$$$:  165-block 49
    $$$$$:  165-block 50
branch 89 never executed
branch 90 never executed
    $$$$$:  165-block 51
call   91 never executed
    $$$$$:  165-block 52
    $$$$$:  165-block 53
branch 92 never executed
branch 93 never executed
    $$$$$:  165-block 54
call   94 never executed
    $$$$$:  165-block 55
    $$$$$:  165-block 56
branch 95 never executed
branch 96 never executed
    $$$$$:  165-block 57
call   97 never executed
    $$$$$:  165-block 58
    $$$$$:  165-block 59
branch 98 never executed
branch 99 never executed
    $$$$$:  165-block 60
call   100 never executed
    $$$$$:  165-block 61
    $$$$$:  165-block 62
branch 101 never executed
branch 102 never executed
    $$$$$:  165-block 63
call   103 never executed
    $$$$$:  165-block 64
    $$$$$:  165-block 65
branch 104 never executed
branch 105 never executed
    $$$$$:  165-block 66
call   106 never executed
    $$$$$:  165-block 67
    $$$$$:  165-block 68
branch 107 never executed
branch 108 never executed
    $$$$$:  165-block 69
call   109 never executed
    $$$$$:  165-block 70
    $$$$$:  165-block 71
branch 110 never executed
branch 111 never executed
    $$$$$:  165-block 72
call   112 never executed
    $$$$$:  165-block 73
    $$$$$:  165-block 74
branch 113 never executed
branch 114 never executed
    $$$$$:  165-block 75
call   115 never executed
    $$$$$:  165-block 76
    $$$$$:  165-block 77
branch 116 never executed
branch 117 never executed
    $$$$$:  165-block 78
call   118 never executed
    $$$$$:  165-block 79
    $$$$$:  165-block 80
branch 119 never executed
branch 120 never executed
[...]
call   20 never executed
branch 21 never executed
branch 22 never executed
        1:  406-block  7
    %%%%%:  406-block  8
        1:  406-block  9
branch 23 taken 1 (fallthrough)
branch 24 taken 0
        1:  406-block 10
call   25 returned 1
        1:  406-block 11
branch 26 taken 1 (fallthrough)
branch 27 taken 0
        1:  406-block 12
call   28 returned 1
        1:  406-block 13
branch 29 taken 1 (fallthrough)
branch 30 taken 0
        1:  406-block 14
call   31 returned 1
        1:  406-block 15
branch 32 taken 1 (fallthrough)
branch 33 taken 0
        1:  406-block 16
call   34 returned 1
        1:  406-block 17
branch 35 taken 1 (fallthrough)
branch 36 taken 0
        1:  406-block 18
call   37 returned 1
        1:  406-block 19
branch 38 taken 1 (fallthrough)
branch 39 taken 0
        1:  406-block 20
call   40 returned 1
        1:  406-block 21
branch 41 taken 1 (fallthrough)
branch 42 taken 0
        1:  406-block 22
call   43 returned 1
    $$$$$:  406-block 23
branch 44 never executed
branch 45 never executed
    $$$$$:  406-block 24
call   46 never executed
    $$$$$:  406-block 25
    $$$$$:  406-block 26
branch 47 never executed
branch 48 never executed
    $$$$$:  406-block 27
call   49 never executed
    $$$$$:  406-block 28
    $$$$$:  406-block 29
branch 50 never executed
branch 51 never executed
    $$$$$:  406-block 30
call   52 never executed
    $$$$$:  406-block 31
    $$$$$:  406-block 32
branch 53 never executed
branch 54 never executed
    $$$$$:  406-block 33
call   55 never executed
    $$$$$:  406-block 34
    $$$$$:  406-block 35
branch 56 never executed
branch 57 never executed
    $$$$$:  406-block 36
call   58 never executed
    $$$$$:  406-block 37
    $$$$$:  406-block 38
branch 59 never executed
branch 60 never executed
    $$$$$:  406-block 39
call   61 never executed
    $$$$$:  406-block 40
    $$$$$:  406-block 41
branch 62 never executed
branch 63 never executed
    $$$$$:  406-block 42
call   64 never executed
    $$$$$:  406-block 43
       1*:  407:    assert(w.get_number_of_recipes()==1);
        1:  407-block  0
call    0 returned 1
branch  1 taken 1 (fallthrough)
branch  2 taken 0 (throw)
        1:  407-block  1
branch  3 taken 0 (fallthrough)
branch  4 taken 1
    %%%%%:  407-block  2
call    5 never executed
branch  6 never executed
branch  7 never executed
        1:  407-block  3
    %%%%%:  407-block  4
        1:  408:    Recipe* all = w.get_all_recipes();
        1:  408-block  0
call    0 returned 1
branch  1 taken 1 (fallthrough)
branch  2 taken 0 (throw)
       1*:  409:    assert(all[0].get_title() == "a");
        1:  409-block  0
call    0 returned 1
branch  1 taken 1 (fallthrough)
branch  2 taken 0 (throw)
        1:  409-block  1
call    3 returned 1
branch  4 taken 0 (fallthrough)
branch  5 taken 1
    %%%%%:  409-block  2
call    6 never executed
branch  7 never executed
branch  8 never executed
        1:  409-block  3
    %%%%%:  409-block  4
        1:  409-block  5
branch  9 taken 1 (fallthrough)
branch 10 taken 0
        1:  409-block  6
call   11 returned 1
    $$$$$:  409-block  7
branch 12 never executed
branch 13 never executed
    $$$$$:  409-block  8
call   14 never executed
    $$$$$:  409-block  9
        1:  410:}
        1:  410-block  0
call    0 returned 1
    $$$$$:  410-block  1
call    1 never executed
        -:  411:
function _ZN14Test_Watchlist26test_get_number_of_recipesEv called 1 returned 100% blocks executed 47%
        1:  412:void Test_Watchlist::test_get_number_of_recipes() {
        1:  413:    Watch_list w = Watch_list();
        1:  413-block  0
call    0 returned 1
branch  1 taken 1 (fallthrough)
branch  2 taken 0 (throw)
       1*:  414:    assert(w.get_number_of_recipes() == 0);
        1:  414-block  0
call    0 returned 1
branch  1 taken 1 (fallthrough)
branch  2 taken 0 (throw)
        1:  414-block  1
branch  3 taken 0 (fallthrough)
branch  4 taken 1
    %%%%%:  414-block  2
call    5 never executed
branch  6 never executed
branch  7 never executed
        1:  414-block  3
    %%%%%:  414-block  4
       1*:  415:    assert(w.add_recipe(Recipe("a","b","c"))==true);
        1:  415-block  0
call    0 returned 1
call    1 returned 1
branch  2 taken 1 (fallthrough)
branch  3 taken 0 (throw)
        1:  415-block  1
call    4 returned 1
call    5 returned 1
branch  6 taken 1 (fallthrough)
branch  7 taken 0 (throw)
        1:  415-block  2
call    8 returned 1
call    9 returned 1
branch 10 taken 1 (fallthrough)
branch 11 taken 0 (throw)
        1:  415-block  3
call   12 returned 1
branch 13 taken 1 (fallthrough)
branch 14 taken 0 (throw)
        1:  415-block  4
call   15 returned 1
branch 16 taken 1 (fallthrough)
branch 17 taken 0 (throw)
        1:  415-block  5
branch 18 taken 0 (fallthrough)
branch 19 taken 1
    %%%%%:  415-block  6
call   20 never executed
branch 21 never executed
branch 22 never executed
        1:  415-block  7
    %%%%%:  415-block  8
        1:  415-block  9
branch 23 taken 1 (fallthrough)
branch 24 taken 0
        1:  415-block 10
call   25 returned 1
        1:  415-block 11
branch 26 taken 1 (fallthrough)
branch 27 taken 0
        1:  415-block 12
call   28 returned 1
        1:  415-block 13
branch 29 taken 1 (fallthrough)
branch 30 taken 0
        1:  415-block 14
call   31 returned 1
        1:  415-block 15
branch 32 taken 1 (fallthrough)
branch 33 taken 0
        1:  415-block 16
call   34 returned 1
        1:  415-block 17
branch 35 taken 1 (fallthrough)
branch 36 taken 0
        1:  415-block 18
call   37 returned 1
        1:  415-block 19
branch 38 taken 1 (fallthrough)
branch 39 taken 0
        1:  415-block 20
call   40 returned 1
        1:  415-block 21
branch 41 taken 1 (fallthrough)
branch 42 taken 0
        1:  415-block 22
call   43 returned 1
    $$$$$:  415-block 23
branch 44 never executed
branch 45 never executed
    $$$$$:  415-block 24
call   46 never executed
    $$$$$:  415-block 25
    $$$$$:  415-block 26
branch 47 never executed
branch 48 never executed
    $$$$$:  415-block 27
call   49 never executed
    $$$$$:  415-block 28
    $$$$$:  415-block 29
branch 50 never executed
branch 51 never executed
    $$$$$:  415-block 30
call   52 never executed
    $$$$$:  415-block 31
    $$$$$:  415-block 32
branch 53 never executed
branch 54 never executed
    $$$$$:  415-block 33
call   55 never executed
    $$$$$:  415-block 34
    $$$$$:  415-block 35
branch 56 never executed
branch 57 never executed
    $$$$$:  415-block 36
call   58 never executed
    $$$$$:  415-block 37
    $$$$$:  415-block 38
branch 59 never executed
branch 60 never executed
    $$$$$:  415-block 39
call   61 never executed
    $$$$$:  415-block 40
    $$$$$:  415-block 41
branch 62 never executed
branch 63 never executed
    $$$$$:  415-block 42
call   64 never executed
    $$$$$:  415-block 43
       1*:  416:    assert(w.get_number_of_recipes()==1);
        1:  416-block  0
call    0 returned 1
branch  1 taken 1 (fallthrough)
branch  2 taken 0 (throw)
        1:  416-block  1
branch  3 taken 0 (fallthrough)
branch  4 taken 1
    %%%%%:  416-block  2
call    5 never executed
branch  6 never executed
branch  7 never executed
        1:  416-block  3
    %%%%%:  416-block  4
       1*:  417:    assert(w.add_recipe(Recipe("d","e","f"))==true);
        1:  417-block  0
call    0 returned 1
call    1 returned 1
branch  2 taken 1 (fallthrough)
branch  3 taken 0 (throw)
        1:  417-block  1
call    4 returned 1
call    5 returned 1
branch  6 taken 1 (fallthrough)
branch  7 taken 0 (throw)
        1:  417-block  2
call    8 returned 1
call    9 returned 1
branch 10 taken 1 (fallthrough)
branch 11 taken 0 (throw)
        1:  417-block  3
call   12 returned 1
branch 13 taken 1 (fallthrough)
branch 14 taken 0 (throw)
        1:  417-block  4
call   15 returned 1
branch 16 taken 1 (fallthrough)
branch 17 taken 0 (throw)
        1:  417-block  5
branch 18 taken 0 (fallthrough)
branch 19 taken 1
    %%%%%:  417-block  6
call   20 never executed
branch 21 never executed
branch 22 never executed
        1:  417-block  7
    %%%%%:  417-block  8
        1:  417-block  9
branch 23 taken 1 (fallthrough)
branch 24 taken 0
        1:  417-block 10
call   25 returned 1
        1:  417-block 11
branch 26 taken 1 (fallthrough)
branch 27 taken 0
        1:  417-block 12
call   28 returned 1
        1:  417-block 13
branch 29 taken 1 (fallthrough)
branch 30 taken 0
        1:  417-block 14
call   31 returned 1
        1:  417-block 15
branch 32 taken 1 (fallthrough)
branch 33 taken 0
        1:  417-block 16
call   34 returned 1
        1:  417-block 17
branch 35 taken 1 (fallthrough)
branch 36 taken 0
        1:  417-block 18
call   37 returned 1
        1:  417-block 19
branch 38 taken 1 (fallthrough)
branch 39 taken 0
        1:  417-block 20
call   40 returned 1
        1:  417-block 21
branch 41 taken 1 (fallthrough)
branch 42 taken 0
        1:  417-block 22
call   43 returned 1
    $$$$$:  417-block 23
branch 44 never executed
branch 45 never executed
    $$$$$:  417-block 24
call   46 never executed
    $$$$$:  417-block 25
    $$$$$:  417-block 26
branch 47 never executed
branch 48 never executed
    $$$$$:  417-block 27
call   49 never executed
    $$$$$:  417-block 28
    $$$$$:  417-block 29
branch 50 never executed
branch 51 never executed
    $$$$$:  417-block 30
call   52 never executed
    $$$$$:  417-block 31
    $$$$$:  417-block 32
branch 53 never executed
branch 54 never executed
    $$$$$:  417-block 33
call   55 never executed
    $$$$$:  417-block 34
    $$$$$:  417-block 35
branch 56 never executed
branch 57 never executed
    $$$$$:  417-block 36
call   58 never executed
    $$$$$:  417-block 37
    $$$$$:  417-block 38
branch 59 never executed
branch 60 never executed
    $$$$$:  417-block 39
call   61 never executed
    $$$$$:  417-block 40
    $$$$$:  417-block 41
branch 62 never executed
branch 63 never executed
    $$$$$:  417-block 42
call   64 never executed
    $$$$$:  417-block 43
       1*:  418:    assert(w.get_number_of_recipes()==2);
        1:  418-block  0
call    0 returned 1
branch  1 taken 1 (fallthrough)
branch  2 taken 0 (throw)
        1:  418-block  1
branch  3 taken 0 (fallthrough)
branch  4 taken 1
    %%%%%:  418-block  2
call    5 never executed
branch  6 never executed
branch  7 never executed
        1:  418-block  3
    %%%%%:  418-block  4
        1:  419:}
        1:  419-block  0
call    0 returned 1
    $$$$$:  419-block  1
call    1 never executed
        -:  420:
function _ZN14Test_Watchlist34test_get_recipe_from_pos_watchlistEv called 1 returned 100% blocks executed 48%
        1:  421:void Test_Watchlist::test_get_recipe_from_pos_watchlist() {
        1:  422:    Watch_list w = Watch_list();
        1:  422-block  0
call    0 returned 1
branch  1 taken 1 (fallthrough)
branch  2 taken 0 (throw)
       1*:  423:    assert(w.get_number_of_recipes() == 0);
        1:  423-block  0
call    0 returned 1
branch  1 taken 1 (fallthrough)
branch  2 taken 0 (throw)
        1:  423-block  1
branch  3 taken 0 (fallthrough)
branch  4 taken 1
    %%%%%:  423-block  2
call    5 never executed
branch  6 never executed
branch  7 never executed
        1:  423-block  3
    %%%%%:  423-block  4
       1*:  424:    assert(w.add_recipe(Recipe("a","b","c"))==true);
        1:  424-block  0
call    0 returned 1
call    1 returned 1
branch  2 taken 1 (fallthrough)
branch  3 taken 0 (throw)
        1:  424-block  1
call    4 returned 1
call    5 returned 1
branch  6 taken 1 (fallthrough)
branch  7 taken 0 (throw)
        1:  424-block  2
call    8 returned 1
call    9 returned 1
branch 10 taken 1 (fallthrough)
branch 11 taken 0 (throw)
        1:  424-block  3
call   12 returned 1
branch 13 taken 1 (fallthrough)
branch 14 taken 0 (throw)
        1:  424-block  4
call   15 returned 1
branch 16 taken 1 (fallthrough)
branch 17 taken 0 (throw)
        1:  424-block  5
branch 18 taken 0 (fallthrough)
branch 19 taken 1
    %%%%%:  424-block  6
call   20 never executed
branch 21 never executed
branch 22 never executed
        1:  424-block  7
    %%%%%:  424-block  8
        1:  424-block  9
branch 23 taken 1 (fallthrough)
branch 24 taken 0
        1:  424-block 10
call   25 returned 1
        1:  424-block 11
branch 26 taken 1 (fallthrough)
branch 27 taken 0
        1:  424-block 12
call   28 returned 1
        1:  424-block 13
branch 29 taken 1 (fallthrough)
branch 30 taken 0
        1:  424-block 14
call   31 returned 1
        1:  424-block 15
branch 32 taken 1 (fallthrough)
branch 33 taken 0
        1:  424-block 16
call   34 returned 1
        1:  424-block 17
branch 35 taken 1 (fallthrough)
branch 36 taken 0
        1:  424-block 18
call   37 returned 1
        1:  424-block 19
branch 38 taken 1 (fallthrough)
branch 39 taken 0
        1:  424-block 20
call   40 returned 1
        1:  424-block 21
branch 41 taken 1 (fallthrough)
branch 42 taken 0
        1:  424-block 22
call   43 returned 1
    $$$$$:  424-block 23
branch 44 never executed
branch 45 never executed
    $$$$$:  424-block 24
call   46 never executed
    $$$$$:  424-block 25
    $$$$$:  424-block 26
branch 47 never executed
branch 48 never executed
    $$$$$:  424-block 27
call   49 never executed
    $$$$$:  424-block 28
    $$$$$:  424-block 29
branch 50 never executed
branch 51 never executed
    $$$$$:  424-block 30
call   52 never executed
    $$$$$:  424-block 31
    $$$$$:  424-block 32
branch 53 never executed
branch 54 never executed
    $$$$$:  424-block 33
call   55 never executed
    $$$$$:  424-block 34
    $$$$$:  424-block 35
branch 56 never executed
branch 57 never executed
    $$$$$:  424-block 36
call   58 never executed
    $$$$$:  424-block 37
    $$$$$:  424-block 38
branch 59 never executed
branch 60 never executed
    $$$$$:  424-block 39
call   61 never executed
    $$$$$:  424-block 40
    $$$$$:  424-block 41
branch 62 never executed
branch 63 never executed
    $$$$$:  424-block 42
call   64 never executed
    $$$$$:  424-block 43
       1*:  425:    assert(w.get_number_of_recipes()==1);
        1:  425-block  0
call    0 returned 1
branch  1 taken 1 (fallthrough)
branch  2 taken 0 (throw)
        1:  425-block  1
branch  3 taken 0 (fallthrough)
branch  4 taken 1
    %%%%%:  425-block  2
call    5 never executed
branch  6 never executed
branch  7 never executed
        1:  425-block  3
    %%%%%:  425-block  4
       1*:  426:    assert(w.add_recipe(Recipe("d","e","f"))==true);
        1:  426-block  0
call    0 returned 1
call    1 returned 1
branch  2 taken 1 (fallthrough)
branch  3 taken 0 (throw)
        1:  426-block  1
call    4 returned 1
call    5 returned 1
branch  6 taken 1 (fallthrough)
branch  7 taken 0 (throw)
        1:  426-block  2
call    8 returned 1
call    9 returned 1
branch 10 taken 1 (fallthrough)
branch 11 taken 0 (throw)
        1:  426-block  3
call   12 returned 1
branch 13 taken 1 (fallthrough)
branch 14 taken 0 (throw)
        1:  426-block  4
call   15 returned 1
branch 16 taken 1 (fallthrough)
branch 17 taken 0 (throw)
        1:  426-block  5
branch 18 taken 0 (fallthrough)
branch 19 taken 1
    %%%%%:  426-block  6
call   20 never executed
branch 21 never executed
branch 22 never executed
        1:  426-block  7
    %%%%%:  426-block  8
        1:  426-block  9
branch 23 taken 1 (fallthrough)
branch 24 taken 0
        1:  426-block 10
call   25 returned 1
        1:  426-block 11
branch 26 taken 1 (fallthrough)
branch 27 taken 0
        1:  426-block 12
call   28 returned 1
        1:  426-block 13
branch 29 taken 1 (fallthrough)
branch 30 taken 0
        1:  426-block 14
call   31 returned 1
        1:  426-block 15
branch 32 taken 1 (fallthrough)
branch 33 taken 0
        1:  426-block 16
call   34 returned 1
        1:  426-block 17
branch 35 taken 1 (fallthrough)
branch 36 taken 0
        1:  426-block 18
call   37 returned 1
        1:  426-block 19
branch 38 taken 1 (fallthrough)
branch 39 taken 0
        1:  426-block 20
call   40 returned 1
        1:  426-block 21
branch 41 taken 1 (fallthrough)
branch 42 taken 0
        1:  426-block 22
call   43 returned 1
    $$$$$:  426-block 23
branch 44 never executed
branch 45 never executed
    $$$$$:  426-block 24
call   46 never executed
    $$$$$:  426-block 25
    $$$$$:  426-block 26
branch 47 never executed
branch 48 never executed
    $$$$$:  426-block 27
call   49 never executed
    $$$$$:  426-block 28
    $$$$$:  426-block 29
branch 50 never executed
branch 51 never executed
    $$$$$:  426-block 30
call   52 never executed
    $$$$$:  426-block 31
    $$$$$:  426-block 32
branch 53 never executed
branch 54 never executed
    $$$$$:  426-block 33
call   55 never executed
    $$$$$:  426-block 34
    $$$$$:  426-block 35
branch 56 never executed
branch 57 never executed
    $$$$$:  426-block 36
call   58 never executed
    $$$$$:  426-block 37
    $$$$$:  426-block 38
branch 59 never executed
branch 60 never executed
    $$$$$:  426-block 39
call   61 never executed
    $$$$$:  426-block 40
    $$$$$:  426-block 41
branch 62 never executed
branch 63 never executed
    $$$$$:  426-block 42
call   64 never executed
    $$$$$:  426-block 43
       1*:  427:    assert(w.get_number_of_recipes()==2);
        1:  427-block  0
call    0 returned 1
branch  1 taken 1 (fallthrough)
branch  2 taken 0 (throw)
        1:  427-block  1
branch  3 taken 0 (fallthrough)
branch  4 taken 1
    %%%%%:  427-block  2
call    5 never executed
branch  6 never executed
branch  7 never executed
        1:  427-block  3
    %%%%%:  427-block  4
        1:  428:    Recipe r = w.get_recipe_from_position_watch_list(0);
        1:  428-block  0
call    0 returned 1
branch  1 taken 1 (fallthrough)
branch  2 taken 0 (throw)
       1*:  429:    assert(r.get_title()=="a");
        1:  429-block  0
call    0 returned 1
branch  1 taken 1 (fallthrough)
branch  2 taken 0 (throw)
        1:  429-block  1
call    3 returned 1
branch  4 taken 0 (fallthrough)
branch  5 taken 1
    %%%%%:  429-block  2
call    6 never executed
branch  7 never executed
branch  8 never executed
        1:  429-block  3
    %%%%%:  429-block  4
        1:  429-block  5
branch  9 taken 1 (fallthrough)
branch 10 taken 0
        1:  429-block  6
call   11 returned 1
    $$$$$:  429-block  7
branch 12 never executed
branch 13 never executed
    $$$$$:  429-block  8
call   14 never executed
    $$$$$:  429-block  9
        1:  430:}
        1:  430-block  0
call    0 returned 1
call    1 returned 1
    $$$$$:  430-block  1
call    2 never executed
    $$$$$:  430-block  2
call    3 never executed
        -:  431:
function _ZN14Test_Watchlist19test_all_watch_listEv called 1 returned 100% blocks executed 100%
        1:  432:void Test_Watchlist::test_all_watch_list() {
        1:  433:    test_constructor();
        1:  433-block  0
call    0 returned 1
        1:  434:    test_add_recipe();
call    0 returned 1
        1:  435:    test_delete_recipe();
call    0 returned 1
        1:  436:    test_get_all_recipes();
call    0 returned 1
        1:  437:    test_get_number_of_recipes();
call    0 returned 1
        1:  438:    test_get_recipe_from_pos_watchlist();
call    0 returned 1
        1:  439:}
        -:  440:
