        -:    0:Source:C:/Users/Dragos/OneDrive/Facultate/GitHub/a8-9-dragoscrisan7/Dog.h
        -:    0:Graph:C:\Users\Dragos\OneDrive\Facultate\GitHub\a8-9-dragoscrisan7\cmake-build-debug-coverage\CMakeFiles\a8_9_dragoscrisan7.dir\CSVfile.cpp.gcno
        -:    0:Data:C:\Users\Dragos\OneDrive\Facultate\GitHub\a8-9-dragoscrisan7\cmake-build-debug-coverage\CMakeFiles\a8_9_dragoscrisan7.dir\CSVfile.cpp.gcda
        -:    0:Runs:1
        -:    1:#ifndef A8_9_DRAGOSCRISAN7_DOG_H
        -:    2:#define A8_9_DRAGOSCRISAN7_DOG_H
        -:    3:#include <iostream>
        -:    4:
        -:    5:class dog{
        -:    6:private:
        -:    7:    std::string name;
        -:    8:    std::string breed;
        -:    9:    std::string photograph;
        -:   10:    int age;
        -:   11:public:
        -:   12:    dog(const std::string& name, const std::string& breed, const std::string& photograph, const int& age);
        -:   13:    dog();
        -:   14:    ~dog();
        -:   15:
function _ZNK3dog8get_nameB5cxx11Ev called 0 returned 0% blocks executed 0%
    #####:   16:    std::string get_name() const{return name;}
    %%%%%:   16-block  0
call    0 never executed
function _ZNK3dog9get_breedB5cxx11Ev called 0 returned 0% blocks executed 0%
    #####:   17:    std::string get_breed() const{return breed;}
    %%%%%:   17-block  0
call    0 never executed
function _ZNK3dog14get_photographB5cxx11Ev called 0 returned 0% blocks executed 0%
    #####:   18:    std::string get_photograph() const{return photograph;}
    %%%%%:   18-block  0
call    0 never executed
function _ZNK3dog7get_ageEv called 0 returned 0% blocks executed 0%
    #####:   19:    int get_age() const{return age;}
    %%%%%:   19-block  0
        -:   20:
        -:   21:    void open() const;
        -:   22:    bool operator==(const dog &other);
        -:   23:
        -:   24:    friend std::istream& operator>>(std::istream& is, dog& dog1);
        -:   25:    friend std::ostream& operator<<(std::ostream& os, dog& dog1);
        -:   26:
        -:   27:    //function that returns a string containing all the information stored int the current class dog
        -:   28:    std::string toString() const;
        -:   29:};
        -:   30:
        -:   31:#endif //A8_9_DRAGOSCRISAN7_DOG_H
