        -:    0:Source:C:/Users/Dragos/OneDrive/Facultate/GitHub/a8-9-dragoscrisan7/main.cpp
        -:    0:Graph:C:\Users\Dragos\OneDrive\Facultate\GitHub\a8-9-dragoscrisan7\cmake-build-debug-coverage\CMakeFiles\a8_9_dragoscrisan7.dir\main.cpp.gcno
        -:    0:Data:C:\Users\Dragos\OneDrive\Facultate\GitHub\a8-9-dragoscrisan7\cmake-build-debug-coverage\CMakeFiles\a8_9_dragoscrisan7.dir\main.cpp.gcda
        -:    0:Runs:1
        -:    1:#include "Ui.h"
        -:    2:
function main called 1 returned 100% blocks executed 64%
        1:    3:int main(){
        1:    4:    testAll();
        1:    4-block  0
call    0 returned 1
branch  1 taken 1 (fallthrough)
branch  2 taken 0 (throw)
        -:    5:
        -:    6:
        2:    7:    auto repo = Repository("example.csv");
        1:    7-block  0
call    0 returned 1
call    1 returned 1
branch  2 taken 1 (fallthrough)
branch  3 taken 0 (throw)
        1:    7-block  1
call    4 returned 1
branch  5 taken 1 (fallthrough)
branch  6 taken 0 (throw)
call    7 returned 1
    $$$$$:    7-block  2
    $$$$$:    7-block  3
        1:    8:    auto srv = Service(&repo);
call    0 returned 1
branch  1 taken 1 (fallthrough)
branch  2 taken 0 (throw)
        1:    9:    auto usrv = UserService(&repo);
        1:    9-block  0
call    0 returned 1
branch  1 taken 1 (fallthrough)
branch  2 taken 0 (throw)
        1:   10:    auto user_interface = ui(&srv, &usrv);
        1:   10-block  0
call    0 returned 1
branch  1 taken 1 (fallthrough)
branch  2 taken 0 (throw)
        1:   11:    user_interface.run();
        1:   11-block  0
call    0 returned 1
branch  1 taken 1 (fallthrough)
branch  2 taken 0 (throw)
        -:   12:
        1:   13:    return 0;
        1:   14:}
        1:   14-block  0
call    0 returned 1
    $$$$$:   14-block  1
call    1 never executed
        -:   15:/*
        -:   16:Bond,German Shepherd,1,https://www.wowwow.ro/ciobanesc-german-caine/2145
        -:   17:Murray,Golden Retriever,3,https://www.wowwow.ro/golden-retriever-caine/2151
        -:   18:Baby,Poodle,2,https://www.wowwow.ro/pudel-standard-%28caniche%29-caine/2163
        -:   19:Ice,Husky,7,https://www.wowwow.ro/husky-caine/2152
        -:   20:Bear,Samoyed,0,https://www.wowwow.ro/samoyed-caine/2298
        -:   21:Hudson,Husky,10,https://www.wowwow.ro/husky-caine/2152
        -:   22:Dash,Akita Inu,3,https://www.wowwow.ro/akita-inu-caine/2131
        -:   23:Geo,Akita Inu,6,https://www.wowwow.ro/akita-inu-caine/2131
        -:   24:Jedi,Corgi,1,https://www.wowwow.ro/welsh-corgi-pembroke-caine/2332
        -:   25:*/
