        -:    0:Source:C:/Users/Dragos/OneDrive/Facultate/GitHub/a5-6-dragoscrisan7/UserRepo.cpp
        -:    0:Graph:C:\Users\Dragos\OneDrive\Facultate\GitHub\a5-6-dragoscrisan7\cmake-build-debug-coverage-coverage\CMakeFiles\a5_6_dragoscrisan7.dir\UserRepo.cpp.gcno
        -:    0:Data:C:\Users\Dragos\OneDrive\Facultate\GitHub\a5-6-dragoscrisan7\cmake-build-debug-coverage-coverage\CMakeFiles\a5_6_dragoscrisan7.dir\UserRepo.cpp.gcda
        -:    0:Runs:1
        -:    1:#include "UserRepo.h"
        -:    2:
function _ZN9user_repoC2EP13DynamicVectorI3dogE called 3 returned 100% blocks executed 100%
        3:    3:user_repo::user_repo(DynamicVector<dog>* adyn) {
        3:    4:    this->adopted = adyn;
        3:    5:}
        -:    6:
function _ZN9user_repo7getSizeEv called 1 returned 100% blocks executed 100%
        1:    7:int user_repo::getSize() {
        1:    8:    return this->adopted->getSize();
        1:    8-block  0
call    0 returned 1
        -:    9:}
        -:   10:
function _ZN9user_repo6addDogERK3dog called 2 returned 100% blocks executed 71%
        2:   11:void user_repo::addDog(const dog &d) {
        2:   12:    this->adopted->add(d);
        2:   12-block  0
call    0 returned 2
call    1 returned 2
branch  2 taken 2 (fallthrough)
branch  3 taken 0 (throw)
        2:   12-block  1
call    4 returned 2
    $$$$$:   12-block  2
call    5 never executed
        2:   13:}
        -:   14:
function _ZN9user_repo13getAllAdoptedEv called 2 returned 100% blocks executed 100%
        2:   15:DynamicVector<dog> *user_repo::getAllAdopted() {
        2:   16:    return this->adopted;
        2:   16-block  0
        -:   17:}
