        -:    0:Source:C:/Users/Dragos/OneDrive/Facultate/GitHub/a5-6-dragoscrisan7/Dog.h
        -:    0:Graph:C:\Users\Dragos\OneDrive\Facultate\GitHub\a5-6-dragoscrisan7\cmake-build-debug-coverage-coverage\CMakeFiles\a5_6_dragoscrisan7.dir\UserRepo.cpp.gcno
        -:    0:Data:C:\Users\Dragos\OneDrive\Facultate\GitHub\a5-6-dragoscrisan7\cmake-build-debug-coverage-coverage\CMakeFiles\a5_6_dragoscrisan7.dir\UserRepo.cpp.gcda
        -:    0:Runs:1
        -:    1:#ifndef A5_6_DRAGOSCRISAN7_DOG_H
        -:    2:#define A5_6_DRAGOSCRISAN7_DOG_H
        -:    3:#include <iostream>
        -:    4:
        -:    5:class dog{
        -:    6:private:
        -:    7:    std::string breed;
        -:    8:    std::string name;
        -:    9:    std::string photograph;
        -:   10:    int age;
        -:   11:public:
        -:   12:    //Constructor of the class dog
        -:   13:    dog(const std::string& breed, const std::string& name, const std::string& photograph, const int& age);
        -:   14:    //Default constructor of the class dog
function _ZN3dogC1Ev called 0 returned 0% blocks executed 0%
    #####:   15:    dog(){age = 0;}
    %%%%%:   15-block  0
call    0 never executed
call    1 never executed
call    2 never executed
        -:   16:    //Destructor of the class dog
        -:   17:    ~dog();
        -:   18:
        -:   19:    //bool operator for the class dog
        -:   20:    bool operator==(const dog& other);
        -:   21:
        -:   22:    //getter that returns the string breed
        -:   23:    std::string get_breed() const { return breed;}
        -:   24:    //getter that returns the string name
        -:   25:    std::string get_name() const { return name;}
        -:   26:    //getter that returns the string photograph
        -:   27:    std::string get_photograph() const { return photograph;}
        -:   28:    //getter that returns the int age
        -:   29:    int get_age() const { return age;}
        -:   30:
        -:   31:    //function that returns a string containing all the information stored int the current class dog
        -:   32:    std::string toString() const;
        -:   33:};
        -:   34:
        -:   35:#endif //A5_6_DRAGOSCRISAN7_DOG_H
